#
# A fatal error has been detected by the Java Runtime Environment:
#
#  Internal Error (javaClasses.cpp:136), pid=25829, tid=140348493272832
#  fatal error: Invalid layout of preloaded class
#
# JRE version:  (7.0_45-b18) (build )
# Java VM: Java HotSpot(TM) 64-Bit Server VM (24.45-b08 mixed mode linux-amd64 compressed oops)
# Failed to write core dump. Core dumps have been disabled. To enable core dumping, try "ulimit -c unlimited" before starting Java again
#
# If you would like to submit a bug report, please visit:
#   http://bugreport.sun.com/bugreport/crash.jsp
#

---------------  T H R E A D  ---------------

Current thread (0x00007fa56800c000):  JavaThread "Unknown thread" [_thread_in_vm, id=25833, stack(0x00007fa56e061000,0x00007fa56e162000)]

Stack: [0x00007fa56e061000,0x00007fa56e162000],  sp=0x00007fa56e1607c0,  free space=1021k
Native frames: (J=compiled Java code, j=interpreted, Vv=VM code, C=native code)
V  [libjvm.so+0x992c8a]  VMError::report_and_die()+0x2ea
V  [libjvm.so+0x493559]  report_fatal(char const*, int, char const*)+0x59
V  [libjvm.so+0x5fdd00]  compute_offset(int&, klassOopDesc*, Symbol*, Symbol*, bool)+0x140
V  [libjvm.so+0x5fe819]  java_lang_String::compute_offsets()+0x39
V  [libjvm.so+0x918f55]  SystemDictionary::initialize_preloaded_classes(Thread*)+0x1a5
V  [libjvm.so+0x967c94]  Universe::genesis(Thread*)+0x494
V  [libjvm.so+0x968149]  universe2_init()+0x29
V  [libjvm.so+0x5a969d]  init_globals()+0xbd
V  [libjvm.so+0x94ed1d]  Threads::create_vm(JavaVMInitArgs*, bool*)+0x1ed
V  [libjvm.so+0x630804]  JNI_CreateJavaVM+0x74
C  [libjli.so+0x2f8e]  JavaMain+0x9e


---------------  P R O C E S S  ---------------

Java Threads: ( => current thread )

Other Threads:

=>0x00007fa56800c000 (exited) JavaThread "Unknown thread" [_thread_in_vm, id=25833, stack(0x00007fa56e061000,0x00007fa56e162000)]

VM state:not at safepoint (not fully initialized)

VM Mutex/Monitor currently owned by a thread: None

GC Heap History (0 events):
No events

Deoptimization events (0 events):
No events

Internal exceptions (0 events):
No events

Events (10 events):
Event: 0.010 loading class 0x00007fa562e636f0 done
Event: 0.010 loading class 0x00007fa562e63110 done
Event: 0.010 loading class 0x00007fa562e630f0
Event: 0.011 loading class 0x00007fa562e6b1f0
Event: 0.011 loading class 0x00007fa562e6b1f0 done
Event: 0.011 loading class 0x00007fa562e6b220
Event: 0.011 loading class 0x00007fa562e6b220 done
Event: 0.011 loading class 0x00007fa562e6b250
Event: 0.011 loading class 0x00007fa562e6b250 done
Event: 0.011 loading class 0x00007fa562e630f0 done


Dynamic libraries:
00400000-00401000 r-xp 00000000 08:02 1877082                            /usr/lib/jvm/java-7-oracle/bin/java
00600000-00601000 rw-p 00000000 08:02 1877082                            /usr/lib/jvm/java-7-oracle/bin/java
01a99000-01aba000 rw-p 00000000 00:00 0                                  [heap]
bfe00000-c1300000 rw-p 00000000 00:00 0 
c1300000-c5000000 rw-p 00000000 00:00 0 
c5000000-c7700000 rw-p 00000000 00:00 0 
c7700000-ec500000 rw-p 00000000 00:00 0 
ec500000-ed900000 rw-p 00000000 00:00 0 
ed900000-100000000 rw-p 00000000 00:00 0 
7fa544000000-7fa544021000 rw-p 00000000 00:00 0 
7fa544021000-7fa548000000 ---p 00000000 00:00 0 
7fa54c000000-7fa54c021000 rw-p 00000000 00:00 0 
7fa54c021000-7fa550000000 ---p 00000000 00:00 0 
7fa554000000-7fa554021000 rw-p 00000000 00:00 0 
7fa554021000-7fa558000000 ---p 00000000 00:00 0 
7fa559ff0000-7fa55c000000 rw-p 00000000 00:00 0 
7fa55c000000-7fa55c021000 rw-p 00000000 00:00 0 
7fa55c021000-7fa560000000 ---p 00000000 00:00 0 
7fa562ab7000-7fa562d23000 rw-p 00000000 00:00 0 
7fa562d23000-7fa562ded000 r--s 011ad000 08:02 2241479                    /home/yee/android-sdks/platforms/android-18/android.jar
7fa562ded000-7fa5630e7000 rw-p 00000000 00:00 0 
7fa5630e7000-7fa5630e8000 ---p 00000000 00:00 0 
7fa5630e8000-7fa5631e8000 rw-p 00000000 00:00 0                          [stack:25838]
7fa5631e8000-7fa5631e9000 ---p 00000000 00:00 0 
7fa5631e9000-7fa5632e9000 rw-p 00000000 00:00 0                          [stack:25837]
7fa5632e9000-7fa5632ea000 ---p 00000000 00:00 0 
7fa5632ea000-7fa5633ea000 rw-p 00000000 00:00 0                          [stack:25836]
7fa5633ea000-7fa5633eb000 ---p 00000000 00:00 0 
7fa5633eb000-7fa5634f6000 rw-p 00000000 00:00 0                          [stack:25835]
7fa5634f6000-7fa563514000 rw-p 00000000 00:00 0 
7fa563514000-7fa563528000 rw-p 00000000 00:00 0 
7fa563528000-7fa56364f000 rw-p 00000000 00:00 0 
7fa56364f000-7fa5638bf000 rwxp 00000000 00:00 0 
7fa5638bf000-7fa56664f000 rw-p 00000000 00:00 0 
7fa56664f000-7fa566669000 r-xp 00000000 08:02 1591876                    /usr/lib/jvm/java-7-oracle/jre/lib/amd64/libzip.so
7fa566669000-7fa566869000 ---p 0001a000 08:02 1591876                    /usr/lib/jvm/java-7-oracle/jre/lib/amd64/libzip.so
7fa566869000-7fa56686a000 rw-p 0001a000 08:02 1591876                    /usr/lib/jvm/java-7-oracle/jre/lib/amd64/libzip.so
7fa56686a000-7fa566876000 r-xp 00000000 08:02 4860874                    /lib/x86_64-linux-gnu/libnss_files-2.15.so
7fa566876000-7fa566a75000 ---p 0000c000 08:02 4860874                    /lib/x86_64-linux-gnu/libnss_files-2.15.so
7fa566a75000-7fa566a76000 r--p 0000b000 08:02 4860874                    /lib/x86_64-linux-gnu/libnss_files-2.15.so
7fa566a76000-7fa566a77000 rw-p 0000c000 08:02 4860874                    /lib/x86_64-linux-gnu/libnss_files-2.15.so
7fa566a77000-7fa566a81000 r-xp 00000000 08:02 4860878                    /lib/x86_64-linux-gnu/libnss_nis-2.15.so
7fa566a81000-7fa566c81000 ---p 0000a000 08:02 4860878                    /lib/x86_64-linux-gnu/libnss_nis-2.15.so
7fa566c81000-7fa566c82000 r--p 0000a000 08:02 4860878                    /lib/x86_64-linux-gnu/libnss_nis-2.15.so
7fa566c82000-7fa566c83000 rw-p 0000b000 08:02 4860878                    /lib/x86_64-linux-gnu/libnss_nis-2.15.so
7fa566c83000-7fa566c9a000 r-xp 00000000 08:02 4860890                    /lib/x86_64-linux-gnu/libnsl-2.15.so
7fa566c9a000-7fa566e99000 ---p 00017000 08:02 4860890                    /lib/x86_64-linux-gnu/libnsl-2.15.so
7fa566e99000-7fa566e9a000 r--p 00016000 08:02 4860890                    /lib/x86_64-linux-gnu/libnsl-2.15.so
7fa566e9a000-7fa566e9b000 rw-p 00017000 08:02 4860890                    /lib/x86_64-linux-gnu/libnsl-2.15.so
7fa566e9b000-7fa566e9d000 rw-p 00000000 00:00 0 
7fa566e9d000-7fa566ea5000 r-xp 00000000 08:02 4860872                    /lib/x86_64-linux-gnu/libnss_compat-2.15.so
7fa566ea5000-7fa5670a4000 ---p 00008000 08:02 4860872                    /lib/x86_64-linux-gnu/libnss_compat-2.15.so
7fa5670a4000-7fa5670a5000 r--p 00007000 08:02 4860872                    /lib/x86_64-linux-gnu/libnss_compat-2.15.so
7fa5670a5000-7fa5670a6000 rw-p 00008000 08:02 4860872                    /lib/x86_64-linux-gnu/libnss_compat-2.15.so
7fa5670a6000-7fa567789000 r--p 00000000 08:02 793110                     /usr/lib/locale/locale-archive
7fa567789000-7fa56778c000 r-xp 00000000 08:02 1591852                    /usr/lib/jvm/java-7-oracle/jre/lib/amd64/libnpt.so
7fa56778c000-7fa56798b000 ---p 00003000 08:02 1591852                    /usr/lib/jvm/java-7-oracle/jre/lib/amd64/libnpt.so
7fa56798b000-7fa56798c000 rw-p 00002000 08:02 1591852                    /usr/lib/jvm/java-7-oracle/jre/lib/amd64/libnpt.so
7fa56798c000-7fa5679c5000 r-xp 00000000 08:02 1591812                    /usr/lib/jvm/java-7-oracle/jre/lib/amd64/libjdwp.so
7fa5679c5000-7fa567bc5000 ---p 00039000 08:02 1591812                    /usr/lib/jvm/java-7-oracle/jre/lib/amd64/libjdwp.so
7fa567bc5000-7fa567bc6000 rw-p 00039000 08:02 1591812                    /usr/lib/jvm/java-7-oracle/jre/lib/amd64/libjdwp.so
7fa567bc6000-7fa567bc7000 rw-p 00000000 00:00 0 
7fa567bc7000-7fa567bf0000 r-xp 00000000 08:02 1591782                    /usr/lib/jvm/java-7-oracle/jre/lib/amd64/libjava.so
7fa567bf0000-7fa567df0000 ---p 00029000 08:02 1591782                    /usr/lib/jvm/java-7-oracle/jre/lib/amd64/libjava.so
7fa567df0000-7fa567df2000 rw-p 00029000 08:02 1591782                    /usr/lib/jvm/java-7-oracle/jre/lib/amd64/libjava.so
7fa567df2000-7fa567dff000 r-xp 00000000 08:02 1591874                    /usr/lib/jvm/java-7-oracle/jre/lib/amd64/libverify.so
7fa567dff000-7fa567ffe000 ---p 0000d000 08:02 1591874                    /usr/lib/jvm/java-7-oracle/jre/lib/amd64/libverify.so
7fa567ffe000-7fa568000000 rw-p 0000c000 08:02 1591874                    /usr/lib/jvm/java-7-oracle/jre/lib/amd64/libverify.so
7fa568000000-7fa568057000 rw-p 00000000 00:00 0 
7fa568057000-7fa56c000000 ---p 00000000 00:00 0 
7fa56c000000-7fa56c00b000 rw-p 00000000 00:00 0 
7fa56c00b000-7fa56c029000 rw-p 00000000 00:00 0 
7fa56c029000-7fa56c03d000 rw-p 00000000 00:00 0 
7fa56c03d000-7fa56c163000 rw-p 00000000 00:00 0 
7fa56c163000-7fa56c16e000 rw-p 00000000 00:00 0 
7fa56c16e000-7fa56c201000 rw-p 00000000 00:00 0 
7fa56c201000-7fa56c202000 rw-p 00000000 00:00 0 
7fa56c202000-7fa56c209000 r-xp 00000000 08:02 4860877                    /lib/x86_64-linux-gnu/librt-2.15.so
7fa56c209000-7fa56c408000 ---p 00007000 08:02 4860877                    /lib/x86_64-linux-gnu/librt-2.15.so
7fa56c408000-7fa56c409000 r--p 00006000 08:02 4860877                    /lib/x86_64-linux-gnu/librt-2.15.so
7fa56c409000-7fa56c40a000 rw-p 00007000 08:02 4860877                    /lib/x86_64-linux-gnu/librt-2.15.so
7fa56c40a000-7fa56c505000 r-xp 00000000 08:02 4860881                    /lib/x86_64-linux-gnu/libm-2.15.so
7fa56c505000-7fa56c704000 ---p 000fb000 08:02 4860881                    /lib/x86_64-linux-gnu/libm-2.15.so
7fa56c704000-7fa56c705000 r--p 000fa000 08:02 4860881                    /lib/x86_64-linux-gnu/libm-2.15.so
7fa56c705000-7fa56c706000 rw-p 000fb000 08:02 4860881                    /lib/x86_64-linux-gnu/libm-2.15.so
7fa56c706000-7fa56d268000 r-xp 00000000 08:02 1591786                    /usr/lib/jvm/java-7-oracle/jre/lib/amd64/server/libjvm.so
7fa56d268000-7fa56d468000 ---p 00b62000 08:02 1591786                    /usr/lib/jvm/java-7-oracle/jre/lib/amd64/server/libjvm.so
7fa56d468000-7fa56d52b000 rw-p 00b62000 08:02 1591786                    /usr/lib/jvm/java-7-oracle/jre/lib/amd64/server/libjvm.so
7fa56d52b000-7fa56d56c000 rw-p 00000000 00:00 0 
7fa56d56c000-7fa56d721000 r-xp 00000000 08:02 4860870                    /lib/x86_64-linux-gnu/libc-2.15.so
7fa56d721000-7fa56d921000 ---p 001b5000 08:02 4860870                    /lib/x86_64-linux-gnu/libc-2.15.so
7fa56d921000-7fa56d925000 r--p 001b5000 08:02 4860870                    /lib/x86_64-linux-gnu/libc-2.15.so
7fa56d925000-7fa56d927000 rw-p 001b9000 08:02 4860870                    /lib/x86_64-linux-gnu/libc-2.15.so
7fa56d927000-7fa56d92c000 rw-p 00000000 00:00 0 
7fa56d92c000-7fa56d92e000 r-xp 00000000 08:02 4860885                    /lib/x86_64-linux-gnu/libdl-2.15.so
7fa56d92e000-7fa56db2e000 ---p 00002000 08:02 4860885                    /lib/x86_64-linux-gnu/libdl-2.15.so
7fa56db2e000-7fa56db2f000 r--p 00002000 08:02 4860885                    /lib/x86_64-linux-gnu/libdl-2.15.so
7fa56db2f000-7fa56db30000 rw-p 00003000 08:02 4860885                    /lib/x86_64-linux-gnu/libdl-2.15.so
7fa56db30000-7fa56db46000 r-xp 00000000 08:02 1876512                    /usr/lib/jvm/java-7-oracle/lib/amd64/jli/libjli.so
7fa56db46000-7fa56dd46000 ---p 00016000 08:02 1876512                    /usr/lib/jvm/java-7-oracle/lib/amd64/jli/libjli.so
7fa56dd46000-7fa56dd47000 rw-p 00016000 08:02 1876512                    /usr/lib/jvm/java-7-oracle/lib/amd64/jli/libjli.so
7fa56dd47000-7fa56dd5f000 r-xp 00000000 08:02 4860879                    /lib/x86_64-linux-gnu/libpthread-2.15.so
7fa56dd5f000-7fa56df5e000 ---p 00018000 08:02 4860879                    /lib/x86_64-linux-gnu/libpthread-2.15.so
7fa56df5e000-7fa56df5f000 r--p 00017000 08:02 4860879                    /lib/x86_64-linux-gnu/libpthread-2.15.so
7fa56df5f000-7fa56df60000 rw-p 00018000 08:02 4860879                    /lib/x86_64-linux-gnu/libpthread-2.15.so
7fa56df60000-7fa56df64000 rw-p 00000000 00:00 0 
7fa56df64000-7fa56df86000 r-xp 00000000 08:02 4860882                    /lib/x86_64-linux-gnu/ld-2.15.so
7fa56df8c000-7fa56dfab000 rw-p 00000000 00:00 0 
7fa56dfab000-7fa56e061000 rw-p 00000000 00:00 0 
7fa56e061000-7fa56e064000 ---p 00000000 00:00 0 
7fa56e064000-7fa56e166000 rw-p 00000000 00:00 0                          [stack:25833]
7fa56e17a000-7fa56e182000 rw-s 00000000 08:02 1585430                    /tmp/hsperfdata_yee/25829
7fa56e182000-7fa56e183000 rw-p 00000000 00:00 0 
7fa56e183000-7fa56e184000 r--p 00000000 00:00 0 
7fa56e184000-7fa56e186000 rw-p 00000000 00:00 0 
7fa56e186000-7fa56e187000 r--p 00022000 08:02 4860882                    /lib/x86_64-linux-gnu/ld-2.15.so
7fa56e187000-7fa56e189000 rw-p 00023000 08:02 4860882                    /lib/x86_64-linux-gnu/ld-2.15.so
7fffdecfa000-7fffded1b000 rw-p 00000000 00:00 0                          [stack]
7fffdedff000-7fffdee00000 r-xp 00000000 00:00 0                          [vdso]
ffffffffff600000-ffffffffff601000 r-xp 00000000 00:00 0                  [vsyscall]

VM Arguments:
jvm_args: -agentlib:jdwp=transport=dt_socket,suspend=y,address=localhost:42671 -Dfile.encoding=UTF-8 -Xbootclasspath:/home/yee/android-sdks/platforms/android-18/android.jar 
java_command: com.example.myfirstapp.DiffClient
Launcher Type: SUN_STANDARD

Environment Variables:
PATH=/usr/lib/lightdm/lightdm:/usr/local/sbin:/usr/local/bin:/usr/sbin:/usr/bin:/sbin:/bin:/usr/games
SHELL=/bin/bash
DISPLAY=:0

Signal Handlers:
SIGSEGV: [libjvm.so+0x9935b0], sa_mask[0]=0x7ffbfeff, sa_flags=0x10000004
SIGBUS: [libjvm.so+0x9935b0], sa_mask[0]=0x7ffbfeff, sa_flags=0x10000004
SIGFPE: [libjvm.so+0x810330], sa_mask[0]=0x7ffbfeff, sa_flags=0x10000004
SIGPIPE: [libjvm.so+0x810330], sa_mask[0]=0x7ffbfeff, sa_flags=0x10000004
SIGXFSZ: [libjvm.so+0x810330], sa_mask[0]=0x7ffbfeff, sa_flags=0x10000004
SIGILL: [libjvm.so+0x810330], sa_mask[0]=0x7ffbfeff, sa_flags=0x10000004
SIGUSR1: SIG_DFL, sa_mask[0]=0x00000000, sa_flags=0x00000000
SIGUSR2: [libjvm.so+0x811820], sa_mask[0]=0x00000004, sa_flags=0x10000004
SIGHUP: SIG_DFL, sa_mask[0]=0x00000000, sa_flags=0x00000000
SIGINT: SIG_DFL, sa_mask[0]=0x00000000, sa_flags=0x00000000
SIGTERM: SIG_DFL, sa_mask[0]=0x00000000, sa_flags=0x00000000
SIGQUIT: SIG_DFL, sa_mask[0]=0x00000000, sa_flags=0x00000000


---------------  S Y S T E M  ---------------

OS:wheezy/sid

uname:Linux 3.5.0-43-generic #66~precise1-Ubuntu SMP Thu Oct 24 14:52:23 UTC 2013 x86_64
libc:glibc 2.15 NPTL 2.15 
rlimit: STACK 8192k, CORE 0k, NPROC 29522, NOFILE 4096, AS infinity
load average:0.45 0.45 0.66

/proc/meminfo:
MemTotal:        3862780 kB
MemFree:          241716 kB
Buffers:           22172 kB
Cached:           690248 kB
SwapCached:       164260 kB
Active:          2581384 kB
Inactive:         820296 kB
Active(anon):    2439524 kB
Inactive(anon):   557712 kB
Active(file):     141860 kB
Inactive(file):   262584 kB
Unevictable:          96 kB
Mlocked:              96 kB
SwapTotal:       4008956 kB
SwapFree:        3194336 kB
Dirty:              9060 kB
Writeback:             0 kB
AnonPages:       2631908 kB
Mapped:           181492 kB
Shmem:            307972 kB
Slab:              90560 kB
SReclaimable:      48528 kB
SUnreclaim:        42032 kB
KernelStack:        5688 kB
PageTables:        56860 kB
NFS_Unstable:          0 kB
Bounce:                0 kB
WritebackTmp:          0 kB
CommitLimit:     5940344 kB
Committed_AS:   10539800 kB
VmallocTotal:   34359738367 kB
VmallocUsed:      360500 kB
VmallocChunk:   34359370716 kB
HardwareCorrupted:     0 kB
AnonHugePages:         0 kB
HugePages_Total:       0
HugePages_Free:        0
HugePages_Rsvd:        0
HugePages_Surp:        0
Hugepagesize:       2048 kB
DirectMap4k:       61440 kB
DirectMap2M:     4024320 kB


CPU:total 4 (2 cores per cpu, 2 threads per core) family 6 model 58 stepping 9, cmov, cx8, fxsr, mmx, sse, sse2, sse3, ssse3, sse4.1, sse4.2, popcnt, avx, aes, erms, ht, tsc, tscinvbit, tscinv

/proc/cpuinfo:
processor	: 0
vendor_id	: GenuineIntel
cpu family	: 6
model		: 58
model name	: Intel(R) Core(TM) i5-3210M CPU @ 2.50GHz
stepping	: 9
microcode	: 0x13
cpu MHz		: 2501.000
cache size	: 3072 KB
physical id	: 0
siblings	: 4
core id		: 0
cpu cores	: 2
apicid		: 0
initial apicid	: 0
fpu		: yes
fpu_exception	: yes
cpuid level	: 13
wp		: yes
flags		: fpu vme de pse tsc msr pae mce cx8 apic sep mtrr pge mca cmov pat pse36 clflush dts acpi mmx fxsr sse sse2 ss ht tm pbe syscall nx rdtscp lm constant_tsc arch_perfmon pebs bts rep_good nopl xtopology nonstop_tsc aperfmperf pni pclmulqdq dtes64 monitor ds_cpl vmx est tm2 ssse3 cx16 xtpr pdcm pcid sse4_1 sse4_2 x2apic popcnt tsc_deadline_timer aes xsave avx f16c rdrand lahf_lm ida arat epb xsaveopt pln pts dtherm tpr_shadow vnmi flexpriority ept vpid fsgsbase smep erms
bogomips	: 4988.72
clflush size	: 64
cache_alignment	: 64
address sizes	: 36 bits physical, 48 bits virtual
power management:

processor	: 1
vendor_id	: GenuineIntel
cpu family	: 6
model		: 58
model name	: Intel(R) Core(TM) i5-3210M CPU @ 2.50GHz
stepping	: 9
microcode	: 0x13
cpu MHz		: 1200.000
cache size	: 3072 KB
physical id	: 0
siblings	: 4
core id		: 0
cpu cores	: 2
apicid		: 1
initial apicid	: 1
fpu		: yes
fpu_exception	: yes
cpuid level	: 13
wp		: yes
flags		: fpu vme de pse tsc msr pae mce cx8 apic sep mtrr pge mca cmov pat pse36 clflush dts acpi mmx fxsr sse sse2 ss ht tm pbe syscall nx rdtscp lm constant_tsc arch_perfmon pebs bts rep_good nopl xtopology nonstop_tsc aperfmperf pni pclmulqdq dtes64 monitor ds_cpl vmx est tm2 ssse3 cx16 xtpr pdcm pcid sse4_1 sse4_2 x2apic popcnt tsc_deadline_timer aes xsave avx f16c rdrand lahf_lm ida arat epb xsaveopt pln pts dtherm tpr_shadow vnmi flexpriority ept vpid fsgsbase smep erms
bogomips	: 4988.72
clflush size	: 64
cache_alignment	: 64
address sizes	: 36 bits physical, 48 bits virtual
power management:

processor	: 2
vendor_id	: GenuineIntel
cpu family	: 6
model		: 58
model name	: Intel(R) Core(TM) i5-3210M CPU @ 2.50GHz
stepping	: 9
microcode	: 0x13
cpu MHz		: 1200.000
cache size	: 3072 KB
physical id	: 0
siblings	: 4
core id		: 1
cpu cores	: 2
apicid		: 2
initial apicid	: 2
fpu		: yes
fpu_exception	: yes
cpuid level	: 13
wp		: yes
flags		: fpu vme de pse tsc msr pae mce cx8 apic sep mtrr pge mca cmov pat pse36 clflush dts acpi mmx fxsr sse sse2 ss ht tm pbe syscall nx rdtscp lm constant_tsc arch_perfmon pebs bts rep_good nopl xtopology nonstop_tsc aperfmperf pni pclmulqdq dtes64 monitor ds_cpl vmx est tm2 ssse3 cx16 xtpr pdcm pcid sse4_1 sse4_2 x2apic popcnt tsc_deadline_timer aes xsave avx f16c rdrand lahf_lm ida arat epb xsaveopt pln pts dtherm tpr_shadow vnmi flexpriority ept vpid fsgsbase smep erms
bogomips	: 4988.72
clflush size	: 64
cache_alignment	: 64
address sizes	: 36 bits physical, 48 bits virtual
power management:

processor	: 3
vendor_id	: GenuineIntel
cpu family	: 6
model		: 58
model name	: Intel(R) Core(TM) i5-3210M CPU @ 2.50GHz
stepping	: 9
microcode	: 0x13
cpu MHz		: 2501.000
cache size	: 3072 KB
physical id	: 0
siblings	: 4
core id		: 1
cpu cores	: 2
apicid		: 3
initial apicid	: 3
fpu		: yes
fpu_exception	: yes
cpuid level	: 13
wp		: yes
flags		: fpu vme de pse tsc msr pae mce cx8 apic sep mtrr pge mca cmov pat pse36 clflush dts acpi mmx fxsr sse sse2 ss ht tm pbe syscall nx rdtscp lm constant_tsc arch_perfmon pebs bts rep_good nopl xtopology nonstop_tsc aperfmperf pni pclmulqdq dtes64 monitor ds_cpl vmx est tm2 ssse3 cx16 xtpr pdcm pcid sse4_1 sse4_2 x2apic popcnt tsc_deadline_timer aes xsave avx f16c rdrand lahf_lm ida arat epb xsaveopt pln pts dtherm tpr_shadow vnmi flexpriority ept vpid fsgsbase smep erms
bogomips	: 4988.72
clflush size	: 64
cache_alignment	: 64
address sizes	: 36 bits physical, 48 bits virtual
power management:



Memory: 4k page, physical 3862780k(241716k free), swap 4008956k(3194336k free)

vm_info: Java HotSpot(TM) 64-Bit Server VM (24.45-b08) for linux-amd64 JRE (1.7.0_45-b18), built on Oct  8 2013 05:44:25 by "java_re" with gcc 4.3.0 20080428 (Red Hat 4.3.0-8)

time: Mon Nov 25 12:18:58 2013
elapsed time: 0 seconds

