#
# A fatal error has been detected by the Java Runtime Environment:
#
#  Internal Error (javaClasses.cpp:136), pid=7171, tid=139991409616640
#  fatal error: Invalid layout of preloaded class
#
# JRE version:  (7.0_45-b18) (build )
# Java VM: Java HotSpot(TM) 64-Bit Server VM (24.45-b08 mixed mode linux-amd64 compressed oops)
# Failed to write core dump. Core dumps have been disabled. To enable core dumping, try "ulimit -c unlimited" before starting Java again
#
# If you would like to submit a bug report, please visit:
#   http://bugreport.sun.com/bugreport/crash.jsp
#

---------------  T H R E A D  ---------------

Current thread (0x00007f524400c000):  JavaThread "Unknown thread" [_thread_in_vm, id=7177, stack(0x00007f524a2de000,0x00007f524a3df000)]

Stack: [0x00007f524a2de000,0x00007f524a3df000],  sp=0x00007f524a3dd7c0,  free space=1021k
Native frames: (J=compiled Java code, j=interpreted, Vv=VM code, C=native code)
V  [libjvm.so+0x992c8a]  VMError::report_and_die()+0x2ea
V  [libjvm.so+0x493559]  report_fatal(char const*, int, char const*)+0x59
V  [libjvm.so+0x5fdd00]  compute_offset(int&, klassOopDesc*, Symbol*, Symbol*, bool)+0x140
V  [libjvm.so+0x5fe819]  java_lang_String::compute_offsets()+0x39
V  [libjvm.so+0x918f55]  SystemDictionary::initialize_preloaded_classes(Thread*)+0x1a5
V  [libjvm.so+0x967c94]  Universe::genesis(Thread*)+0x494
V  [libjvm.so+0x968149]  universe2_init()+0x29
V  [libjvm.so+0x5a969d]  init_globals()+0xbd
V  [libjvm.so+0x94ed1d]  Threads::create_vm(JavaVMInitArgs*, bool*)+0x1ed
V  [libjvm.so+0x630804]  JNI_CreateJavaVM+0x74
C  [libjli.so+0x2f8e]  JavaMain+0x9e


---------------  P R O C E S S  ---------------

Java Threads: ( => current thread )

Other Threads:

=>0x00007f524400c000 (exited) JavaThread "Unknown thread" [_thread_in_vm, id=7177, stack(0x00007f524a2de000,0x00007f524a3df000)]

VM state:not at safepoint (not fully initialized)

VM Mutex/Monitor currently owned by a thread: None

GC Heap History (0 events):
No events

Deoptimization events (0 events):
No events

Internal exceptions (0 events):
No events

Events (10 events):
Event: 0.021 loading class 0x00007f523d0b36f0 done
Event: 0.021 loading class 0x00007f523d0b3110 done
Event: 0.021 loading class 0x00007f523d0b30f0
Event: 0.021 loading class 0x00007f523d0bb1f0
Event: 0.022 loading class 0x00007f523d0bb1f0 done
Event: 0.022 loading class 0x00007f523d0bb220
Event: 0.022 loading class 0x00007f523d0bb220 done
Event: 0.022 loading class 0x00007f523d0bb250
Event: 0.022 loading class 0x00007f523d0bb250 done
Event: 0.022 loading class 0x00007f523d0b30f0 done


Dynamic libraries:
00400000-00401000 r-xp 00000000 08:02 1877082                            /usr/lib/jvm/java-7-oracle/bin/java
00600000-00601000 rw-p 00000000 08:02 1877082                            /usr/lib/jvm/java-7-oracle/bin/java
017b9000-017da000 rw-p 00000000 00:00 0                                  [heap]
bfe00000-c1300000 rw-p 00000000 00:00 0 
c1300000-c5000000 rw-p 00000000 00:00 0 
c5000000-c7700000 rw-p 00000000 00:00 0 
c7700000-ec500000 rw-p 00000000 00:00 0 
ec500000-ed900000 rw-p 00000000 00:00 0 
ed900000-100000000 rw-p 00000000 00:00 0 
7f5228000000-7f5228021000 rw-p 00000000 00:00 0 
7f5228021000-7f522c000000 ---p 00000000 00:00 0 
7f522c000000-7f522c021000 rw-p 00000000 00:00 0 
7f522c021000-7f5230000000 ---p 00000000 00:00 0 
7f5230000000-7f5230021000 rw-p 00000000 00:00 0 
7f5230021000-7f5234000000 ---p 00000000 00:00 0 
7f5238000000-7f5238021000 rw-p 00000000 00:00 0 
7f5238021000-7f523c000000 ---p 00000000 00:00 0 
7f523cd07000-7f523cf73000 rw-p 00000000 00:00 0 
7f523cf73000-7f523d03d000 r--s 011ad000 08:02 2241479                    /home/yee/android-sdks/platforms/android-18/android.jar
7f523d03d000-7f523f347000 rw-p 00000000 00:00 0 
7f523f347000-7f523f348000 ---p 00000000 00:00 0 
7f523f348000-7f523f448000 rw-p 00000000 00:00 0                          [stack:7181]
7f523f448000-7f523f449000 ---p 00000000 00:00 0 
7f523f449000-7f523f549000 rw-p 00000000 00:00 0                          [stack:7180]
7f523f549000-7f523f54a000 ---p 00000000 00:00 0 
7f523f54a000-7f523f64a000 rw-p 00000000 00:00 0                          [stack:7179]
7f523f64a000-7f523f64b000 ---p 00000000 00:00 0 
7f523f64b000-7f523f75f000 rw-p 00000000 00:00 0                          [stack:7178]
7f523f75f000-7f523f886000 rw-p 00000000 00:00 0 
7f523f886000-7f523f891000 rw-p 00000000 00:00 0 
7f523f891000-7f523f8af000 rw-p 00000000 00:00 0 
7f523f8af000-7f523f8c3000 rw-p 00000000 00:00 0 
7f523f8c3000-7f523f9e9000 rw-p 00000000 00:00 0 
7f523f9e9000-7f523f9f4000 rw-p 00000000 00:00 0 
7f523f9f4000-7f523fa87000 rw-p 00000000 00:00 0 
7f523fa87000-7f523fa88000 rw-p 00000000 00:00 0 
7f523fa88000-7f523fcf8000 rwxp 00000000 00:00 0 
7f523fcf8000-7f5242a88000 rw-p 00000000 00:00 0 
7f5242a88000-7f5242aa2000 r-xp 00000000 08:02 1591876                    /usr/lib/jvm/java-7-oracle/jre/lib/amd64/libzip.so
7f5242aa2000-7f5242ca2000 ---p 0001a000 08:02 1591876                    /usr/lib/jvm/java-7-oracle/jre/lib/amd64/libzip.so
7f5242ca2000-7f5242ca3000 rw-p 0001a000 08:02 1591876                    /usr/lib/jvm/java-7-oracle/jre/lib/amd64/libzip.so
7f5242ca3000-7f5242caf000 r-xp 00000000 08:02 4860874                    /lib/x86_64-linux-gnu/libnss_files-2.15.so
7f5242caf000-7f5242eae000 ---p 0000c000 08:02 4860874                    /lib/x86_64-linux-gnu/libnss_files-2.15.so
7f5242eae000-7f5242eaf000 r--p 0000b000 08:02 4860874                    /lib/x86_64-linux-gnu/libnss_files-2.15.so
7f5242eaf000-7f5242eb0000 rw-p 0000c000 08:02 4860874                    /lib/x86_64-linux-gnu/libnss_files-2.15.so
7f5242eb0000-7f5242eba000 r-xp 00000000 08:02 4860878                    /lib/x86_64-linux-gnu/libnss_nis-2.15.so
7f5242eba000-7f52430ba000 ---p 0000a000 08:02 4860878                    /lib/x86_64-linux-gnu/libnss_nis-2.15.so
7f52430ba000-7f52430bb000 r--p 0000a000 08:02 4860878                    /lib/x86_64-linux-gnu/libnss_nis-2.15.so
7f52430bb000-7f52430bc000 rw-p 0000b000 08:02 4860878                    /lib/x86_64-linux-gnu/libnss_nis-2.15.so
7f52430bc000-7f52430d3000 r-xp 00000000 08:02 4860890                    /lib/x86_64-linux-gnu/libnsl-2.15.so
7f52430d3000-7f52432d2000 ---p 00017000 08:02 4860890                    /lib/x86_64-linux-gnu/libnsl-2.15.so
7f52432d2000-7f52432d3000 r--p 00016000 08:02 4860890                    /lib/x86_64-linux-gnu/libnsl-2.15.so
7f52432d3000-7f52432d4000 rw-p 00017000 08:02 4860890                    /lib/x86_64-linux-gnu/libnsl-2.15.so
7f52432d4000-7f52432d6000 rw-p 00000000 00:00 0 
7f52432d6000-7f52432de000 r-xp 00000000 08:02 4860872                    /lib/x86_64-linux-gnu/libnss_compat-2.15.so
7f52432de000-7f52434dd000 ---p 00008000 08:02 4860872                    /lib/x86_64-linux-gnu/libnss_compat-2.15.so
7f52434dd000-7f52434de000 r--p 00007000 08:02 4860872                    /lib/x86_64-linux-gnu/libnss_compat-2.15.so
7f52434de000-7f52434df000 rw-p 00008000 08:02 4860872                    /lib/x86_64-linux-gnu/libnss_compat-2.15.so
7f52434df000-7f5243bc2000 r--p 00000000 08:02 793110                     /usr/lib/locale/locale-archive
7f5243bc2000-7f5243bc5000 r-xp 00000000 08:02 1591852                    /usr/lib/jvm/java-7-oracle/jre/lib/amd64/libnpt.so
7f5243bc5000-7f5243dc4000 ---p 00003000 08:02 1591852                    /usr/lib/jvm/java-7-oracle/jre/lib/amd64/libnpt.so
7f5243dc4000-7f5243dc5000 rw-p 00002000 08:02 1591852                    /usr/lib/jvm/java-7-oracle/jre/lib/amd64/libnpt.so
7f5243dc5000-7f5243dfe000 r-xp 00000000 08:02 1591812                    /usr/lib/jvm/java-7-oracle/jre/lib/amd64/libjdwp.so
7f5243dfe000-7f5243ffe000 ---p 00039000 08:02 1591812                    /usr/lib/jvm/java-7-oracle/jre/lib/amd64/libjdwp.so
7f5243ffe000-7f5243fff000 rw-p 00039000 08:02 1591812                    /usr/lib/jvm/java-7-oracle/jre/lib/amd64/libjdwp.so
7f5243fff000-7f5244000000 rw-p 00000000 00:00 0 
7f5244000000-7f5244057000 rw-p 00000000 00:00 0 
7f5244057000-7f5248000000 ---p 00000000 00:00 0 
7f524801d000-7f5248028000 rw-p 00000000 00:00 0 
7f5248028000-7f5248046000 rw-p 00000000 00:00 0 
7f5248046000-7f524806f000 r-xp 00000000 08:02 1591782                    /usr/lib/jvm/java-7-oracle/jre/lib/amd64/libjava.so
7f524806f000-7f524826f000 ---p 00029000 08:02 1591782                    /usr/lib/jvm/java-7-oracle/jre/lib/amd64/libjava.so
7f524826f000-7f5248271000 rw-p 00029000 08:02 1591782                    /usr/lib/jvm/java-7-oracle/jre/lib/amd64/libjava.so
7f5248271000-7f524827e000 r-xp 00000000 08:02 1591874                    /usr/lib/jvm/java-7-oracle/jre/lib/amd64/libverify.so
7f524827e000-7f524847d000 ---p 0000d000 08:02 1591874                    /usr/lib/jvm/java-7-oracle/jre/lib/amd64/libverify.so
7f524847d000-7f524847f000 rw-p 0000c000 08:02 1591874                    /usr/lib/jvm/java-7-oracle/jre/lib/amd64/libverify.so
7f524847f000-7f5248486000 r-xp 00000000 08:02 4860877                    /lib/x86_64-linux-gnu/librt-2.15.so
7f5248486000-7f5248685000 ---p 00007000 08:02 4860877                    /lib/x86_64-linux-gnu/librt-2.15.so
7f5248685000-7f5248686000 r--p 00006000 08:02 4860877                    /lib/x86_64-linux-gnu/librt-2.15.so
7f5248686000-7f5248687000 rw-p 00007000 08:02 4860877                    /lib/x86_64-linux-gnu/librt-2.15.so
7f5248687000-7f5248782000 r-xp 00000000 08:02 4860881                    /lib/x86_64-linux-gnu/libm-2.15.so
7f5248782000-7f5248981000 ---p 000fb000 08:02 4860881                    /lib/x86_64-linux-gnu/libm-2.15.so
7f5248981000-7f5248982000 r--p 000fa000 08:02 4860881                    /lib/x86_64-linux-gnu/libm-2.15.so
7f5248982000-7f5248983000 rw-p 000fb000 08:02 4860881                    /lib/x86_64-linux-gnu/libm-2.15.so
7f5248983000-7f52494e5000 r-xp 00000000 08:02 1591786                    /usr/lib/jvm/java-7-oracle/jre/lib/amd64/server/libjvm.so
7f52494e5000-7f52496e5000 ---p 00b62000 08:02 1591786                    /usr/lib/jvm/java-7-oracle/jre/lib/amd64/server/libjvm.so
7f52496e5000-7f52497a8000 rw-p 00b62000 08:02 1591786                    /usr/lib/jvm/java-7-oracle/jre/lib/amd64/server/libjvm.so
7f52497a8000-7f52497e9000 rw-p 00000000 00:00 0 
7f52497e9000-7f524999e000 r-xp 00000000 08:02 4860870                    /lib/x86_64-linux-gnu/libc-2.15.so
7f524999e000-7f5249b9e000 ---p 001b5000 08:02 4860870                    /lib/x86_64-linux-gnu/libc-2.15.so
7f5249b9e000-7f5249ba2000 r--p 001b5000 08:02 4860870                    /lib/x86_64-linux-gnu/libc-2.15.so
7f5249ba2000-7f5249ba4000 rw-p 001b9000 08:02 4860870                    /lib/x86_64-linux-gnu/libc-2.15.so
7f5249ba4000-7f5249ba9000 rw-p 00000000 00:00 0 
7f5249ba9000-7f5249bab000 r-xp 00000000 08:02 4860885                    /lib/x86_64-linux-gnu/libdl-2.15.so
7f5249bab000-7f5249dab000 ---p 00002000 08:02 4860885                    /lib/x86_64-linux-gnu/libdl-2.15.so
7f5249dab000-7f5249dac000 r--p 00002000 08:02 4860885                    /lib/x86_64-linux-gnu/libdl-2.15.so
7f5249dac000-7f5249dad000 rw-p 00003000 08:02 4860885                    /lib/x86_64-linux-gnu/libdl-2.15.so
7f5249dad000-7f5249dc3000 r-xp 00000000 08:02 1876512                    /usr/lib/jvm/java-7-oracle/lib/amd64/jli/libjli.so
7f5249dc3000-7f5249fc3000 ---p 00016000 08:02 1876512                    /usr/lib/jvm/java-7-oracle/lib/amd64/jli/libjli.so
7f5249fc3000-7f5249fc4000 rw-p 00016000 08:02 1876512                    /usr/lib/jvm/java-7-oracle/lib/amd64/jli/libjli.so
7f5249fc4000-7f5249fdc000 r-xp 00000000 08:02 4860879                    /lib/x86_64-linux-gnu/libpthread-2.15.so
7f5249fdc000-7f524a1db000 ---p 00018000 08:02 4860879                    /lib/x86_64-linux-gnu/libpthread-2.15.so
7f524a1db000-7f524a1dc000 r--p 00017000 08:02 4860879                    /lib/x86_64-linux-gnu/libpthread-2.15.so
7f524a1dc000-7f524a1dd000 rw-p 00018000 08:02 4860879                    /lib/x86_64-linux-gnu/libpthread-2.15.so
7f524a1dd000-7f524a1e1000 rw-p 00000000 00:00 0 
7f524a1e1000-7f524a203000 r-xp 00000000 08:02 4860882                    /lib/x86_64-linux-gnu/ld-2.15.so
7f524a209000-7f524a228000 rw-p 00000000 00:00 0 
7f524a228000-7f524a2de000 rw-p 00000000 00:00 0 
7f524a2de000-7f524a2e1000 ---p 00000000 00:00 0 
7f524a2e1000-7f524a3e3000 rw-p 00000000 00:00 0                          [stack:7177]
7f524a3f7000-7f524a3ff000 rw-s 00000000 08:02 1590685                    /tmp/hsperfdata_yee/7171
7f524a3ff000-7f524a400000 rw-p 00000000 00:00 0 
7f524a400000-7f524a401000 r--p 00000000 00:00 0 
7f524a401000-7f524a403000 rw-p 00000000 00:00 0 
7f524a403000-7f524a404000 r--p 00022000 08:02 4860882                    /lib/x86_64-linux-gnu/ld-2.15.so
7f524a404000-7f524a406000 rw-p 00023000 08:02 4860882                    /lib/x86_64-linux-gnu/ld-2.15.so
7fff86eb6000-7fff86ed7000 rw-p 00000000 00:00 0                          [stack]
7fff86f4b000-7fff86f4c000 r-xp 00000000 00:00 0                          [vdso]
ffffffffff600000-ffffffffff601000 r-xp 00000000 00:00 0                  [vsyscall]

VM Arguments:
jvm_args: -agentlib:jdwp=transport=dt_socket,suspend=y,address=localhost:47545 -Dfile.encoding=UTF-8 -Xbootclasspath:/home/yee/android-sdks/platforms/android-18/android.jar 
java_command: com.example.myfirstapp.DiffClient
Launcher Type: SUN_STANDARD

Environment Variables:
PATH=/usr/lib/lightdm/lightdm:/usr/local/sbin:/usr/local/bin:/usr/sbin:/usr/bin:/sbin:/bin:/usr/games
SHELL=/bin/bash
DISPLAY=:0

Signal Handlers:
SIGSEGV: [libjvm.so+0x9935b0], sa_mask[0]=0x7ffbfeff, sa_flags=0x10000004
SIGBUS: [libjvm.so+0x9935b0], sa_mask[0]=0x7ffbfeff, sa_flags=0x10000004
SIGFPE: [libjvm.so+0x810330], sa_mask[0]=0x7ffbfeff, sa_flags=0x10000004
SIGPIPE: [libjvm.so+0x810330], sa_mask[0]=0x7ffbfeff, sa_flags=0x10000004
SIGXFSZ: [libjvm.so+0x810330], sa_mask[0]=0x7ffbfeff, sa_flags=0x10000004
SIGILL: [libjvm.so+0x810330], sa_mask[0]=0x7ffbfeff, sa_flags=0x10000004
SIGUSR1: SIG_DFL, sa_mask[0]=0x00000000, sa_flags=0x00000000
SIGUSR2: [libjvm.so+0x811820], sa_mask[0]=0x00000004, sa_flags=0x10000004
SIGHUP: SIG_DFL, sa_mask[0]=0x00000000, sa_flags=0x00000000
SIGINT: SIG_DFL, sa_mask[0]=0x00000000, sa_flags=0x00000000
SIGTERM: SIG_DFL, sa_mask[0]=0x00000000, sa_flags=0x00000000
SIGQUIT: SIG_DFL, sa_mask[0]=0x00000000, sa_flags=0x00000000


---------------  S Y S T E M  ---------------

OS:wheezy/sid

uname:Linux 3.5.0-43-generic #66~precise1-Ubuntu SMP Thu Oct 24 14:52:23 UTC 2013 x86_64
libc:glibc 2.15 NPTL 2.15 
rlimit: STACK 8192k, CORE 0k, NPROC 29522, NOFILE 4096, AS infinity
load average:0.96 0.97 0.77

/proc/meminfo:
MemTotal:        3862780 kB
MemFree:          146084 kB
Buffers:            8356 kB
Cached:           461140 kB
SwapCached:       110792 kB
Active:          2615048 kB
Inactive:         855880 kB
Active(anon):    2532944 kB
Inactive(anon):   771388 kB
Active(file):      82104 kB
Inactive(file):    84492 kB
Unevictable:          80 kB
Mlocked:              80 kB
SwapTotal:       4008956 kB
SwapFree:        1968860 kB
Dirty:               156 kB
Writeback:             0 kB
AnonPages:       2905408 kB
Mapped:           133136 kB
Shmem:            302164 kB
Slab:             113264 kB
SReclaimable:      71416 kB
SUnreclaim:        41848 kB
KernelStack:        5584 kB
PageTables:        61224 kB
NFS_Unstable:          0 kB
Bounce:                0 kB
WritebackTmp:          0 kB
CommitLimit:     5940344 kB
Committed_AS:   12270508 kB
VmallocTotal:   34359738367 kB
VmallocUsed:      360472 kB
VmallocChunk:   34359359784 kB
HardwareCorrupted:     0 kB
AnonHugePages:         0 kB
HugePages_Total:       0
HugePages_Free:        0
HugePages_Rsvd:        0
HugePages_Surp:        0
Hugepagesize:       2048 kB
DirectMap4k:       73728 kB
DirectMap2M:     4012032 kB


CPU:total 4 (2 cores per cpu, 2 threads per core) family 6 model 58 stepping 9, cmov, cx8, fxsr, mmx, sse, sse2, sse3, ssse3, sse4.1, sse4.2, popcnt, avx, aes, erms, ht, tsc, tscinvbit, tscinv

/proc/cpuinfo:
processor	: 0
vendor_id	: GenuineIntel
cpu family	: 6
model		: 58
model name	: Intel(R) Core(TM) i5-3210M CPU @ 2.50GHz
stepping	: 9
microcode	: 0x13
cpu MHz		: 2501.000
cache size	: 3072 KB
physical id	: 0
siblings	: 4
core id		: 0
cpu cores	: 2
apicid		: 0
initial apicid	: 0
fpu		: yes
fpu_exception	: yes
cpuid level	: 13
wp		: yes
flags		: fpu vme de pse tsc msr pae mce cx8 apic sep mtrr pge mca cmov pat pse36 clflush dts acpi mmx fxsr sse sse2 ss ht tm pbe syscall nx rdtscp lm constant_tsc arch_perfmon pebs bts rep_good nopl xtopology nonstop_tsc aperfmperf pni pclmulqdq dtes64 monitor ds_cpl vmx est tm2 ssse3 cx16 xtpr pdcm pcid sse4_1 sse4_2 x2apic popcnt tsc_deadline_timer aes xsave avx f16c rdrand lahf_lm ida arat epb xsaveopt pln pts dtherm tpr_shadow vnmi flexpriority ept vpid fsgsbase smep erms
bogomips	: 4988.86
clflush size	: 64
cache_alignment	: 64
address sizes	: 36 bits physical, 48 bits virtual
power management:

processor	: 1
vendor_id	: GenuineIntel
cpu family	: 6
model		: 58
model name	: Intel(R) Core(TM) i5-3210M CPU @ 2.50GHz
stepping	: 9
microcode	: 0x13
cpu MHz		: 2501.000
cache size	: 3072 KB
physical id	: 0
siblings	: 4
core id		: 0
cpu cores	: 2
apicid		: 1
initial apicid	: 1
fpu		: yes
fpu_exception	: yes
cpuid level	: 13
wp		: yes
flags		: fpu vme de pse tsc msr pae mce cx8 apic sep mtrr pge mca cmov pat pse36 clflush dts acpi mmx fxsr sse sse2 ss ht tm pbe syscall nx rdtscp lm constant_tsc arch_perfmon pebs bts rep_good nopl xtopology nonstop_tsc aperfmperf pni pclmulqdq dtes64 monitor ds_cpl vmx est tm2 ssse3 cx16 xtpr pdcm pcid sse4_1 sse4_2 x2apic popcnt tsc_deadline_timer aes xsave avx f16c rdrand lahf_lm ida arat epb xsaveopt pln pts dtherm tpr_shadow vnmi flexpriority ept vpid fsgsbase smep erms
bogomips	: 4988.86
clflush size	: 64
cache_alignment	: 64
address sizes	: 36 bits physical, 48 bits virtual
power management:

processor	: 2
vendor_id	: GenuineIntel
cpu family	: 6
model		: 58
model name	: Intel(R) Core(TM) i5-3210M CPU @ 2.50GHz
stepping	: 9
microcode	: 0x13
cpu MHz		: 1300.000
cache size	: 3072 KB
physical id	: 0
siblings	: 4
core id		: 1
cpu cores	: 2
apicid		: 2
initial apicid	: 2
fpu		: yes
fpu_exception	: yes
cpuid level	: 13
wp		: yes
flags		: fpu vme de pse tsc msr pae mce cx8 apic sep mtrr pge mca cmov pat pse36 clflush dts acpi mmx fxsr sse sse2 ss ht tm pbe syscall nx rdtscp lm constant_tsc arch_perfmon pebs bts rep_good nopl xtopology nonstop_tsc aperfmperf pni pclmulqdq dtes64 monitor ds_cpl vmx est tm2 ssse3 cx16 xtpr pdcm pcid sse4_1 sse4_2 x2apic popcnt tsc_deadline_timer aes xsave avx f16c rdrand lahf_lm ida arat epb xsaveopt pln pts dtherm tpr_shadow vnmi flexpriority ept vpid fsgsbase smep erms
bogomips	: 4988.86
clflush size	: 64
cache_alignment	: 64
address sizes	: 36 bits physical, 48 bits virtual
power management:

processor	: 3
vendor_id	: GenuineIntel
cpu family	: 6
model		: 58
model name	: Intel(R) Core(TM) i5-3210M CPU @ 2.50GHz
stepping	: 9
microcode	: 0x13
cpu MHz		: 2501.000
cache size	: 3072 KB
physical id	: 0
siblings	: 4
core id		: 1
cpu cores	: 2
apicid		: 3
initial apicid	: 3
fpu		: yes
fpu_exception	: yes
cpuid level	: 13
wp		: yes
flags		: fpu vme de pse tsc msr pae mce cx8 apic sep mtrr pge mca cmov pat pse36 clflush dts acpi mmx fxsr sse sse2 ss ht tm pbe syscall nx rdtscp lm constant_tsc arch_perfmon pebs bts rep_good nopl xtopology nonstop_tsc aperfmperf pni pclmulqdq dtes64 monitor ds_cpl vmx est tm2 ssse3 cx16 xtpr pdcm pcid sse4_1 sse4_2 x2apic popcnt tsc_deadline_timer aes xsave avx f16c rdrand lahf_lm ida arat epb xsaveopt pln pts dtherm tpr_shadow vnmi flexpriority ept vpid fsgsbase smep erms
bogomips	: 4988.86
clflush size	: 64
cache_alignment	: 64
address sizes	: 36 bits physical, 48 bits virtual
power management:



Memory: 4k page, physical 3862780k(146084k free), swap 4008956k(1968860k free)

vm_info: Java HotSpot(TM) 64-Bit Server VM (24.45-b08) for linux-amd64 JRE (1.7.0_45-b18), built on Oct  8 2013 05:44:25 by "java_re" with gcc 4.3.0 20080428 (Red Hat 4.3.0-8)

time: Tue Nov 26 12:55:18 2013
elapsed time: 0 seconds

