#
# A fatal error has been detected by the Java Runtime Environment:
#
#  Internal Error (javaClasses.cpp:136), pid=16835, tid=140516239968000
#  fatal error: Invalid layout of preloaded class
#
# JRE version:  (7.0_45-b18) (build )
# Java VM: Java HotSpot(TM) 64-Bit Server VM (24.45-b08 mixed mode linux-amd64 compressed oops)
# Failed to write core dump. Core dumps have been disabled. To enable core dumping, try "ulimit -c unlimited" before starting Java again
#
# If you would like to submit a bug report, please visit:
#   http://bugreport.sun.com/bugreport/crash.jsp
#

---------------  T H R E A D  ---------------

Current thread (0x00007fcc7400c000):  JavaThread "Unknown thread" [_thread_in_vm, id=16837, stack(0x00007fcc7c818000,0x00007fcc7c919000)]

Stack: [0x00007fcc7c818000,0x00007fcc7c919000],  sp=0x00007fcc7c9177c0,  free space=1021k
Native frames: (J=compiled Java code, j=interpreted, Vv=VM code, C=native code)
V  [libjvm.so+0x992c8a]  VMError::report_and_die()+0x2ea
V  [libjvm.so+0x493559]  report_fatal(char const*, int, char const*)+0x59
V  [libjvm.so+0x5fdd00]  compute_offset(int&, klassOopDesc*, Symbol*, Symbol*, bool)+0x140
V  [libjvm.so+0x5fe819]  java_lang_String::compute_offsets()+0x39
V  [libjvm.so+0x918f55]  SystemDictionary::initialize_preloaded_classes(Thread*)+0x1a5
V  [libjvm.so+0x967c94]  Universe::genesis(Thread*)+0x494
V  [libjvm.so+0x968149]  universe2_init()+0x29
V  [libjvm.so+0x5a969d]  init_globals()+0xbd
V  [libjvm.so+0x94ed1d]  Threads::create_vm(JavaVMInitArgs*, bool*)+0x1ed
V  [libjvm.so+0x630804]  JNI_CreateJavaVM+0x74
C  [libjli.so+0x2f8e]  JavaMain+0x9e


---------------  P R O C E S S  ---------------

Java Threads: ( => current thread )

Other Threads:

=>0x00007fcc7400c000 (exited) JavaThread "Unknown thread" [_thread_in_vm, id=16837, stack(0x00007fcc7c818000,0x00007fcc7c919000)]

VM state:not at safepoint (not fully initialized)

VM Mutex/Monitor currently owned by a thread: None

GC Heap History (0 events):
No events

Deoptimization events (0 events):
No events

Internal exceptions (0 events):
No events

Events (10 events):
Event: 0.007 loading class 0x00007fcc7861a6f0 done
Event: 0.007 loading class 0x00007fcc7861a110 done
Event: 0.007 loading class 0x00007fcc7861a0f0
Event: 0.007 loading class 0x00007fcc786221f0
Event: 0.007 loading class 0x00007fcc786221f0 done
Event: 0.007 loading class 0x00007fcc78622220
Event: 0.007 loading class 0x00007fcc78622220 done
Event: 0.007 loading class 0x00007fcc78622250
Event: 0.007 loading class 0x00007fcc78622250 done
Event: 0.007 loading class 0x00007fcc7861a0f0 done


Dynamic libraries:
00400000-00401000 r-xp 00000000 08:02 1877082                            /usr/lib/jvm/java-7-oracle/bin/java
00600000-00601000 rw-p 00000000 08:02 1877082                            /usr/lib/jvm/java-7-oracle/bin/java
0155b000-0157c000 rw-p 00000000 00:00 0                                  [heap]
bfe00000-c1300000 rw-p 00000000 00:00 0 
c1300000-c5000000 rw-p 00000000 00:00 0 
c5000000-c7700000 rw-p 00000000 00:00 0 
c7700000-ec500000 rw-p 00000000 00:00 0 
ec500000-ed900000 rw-p 00000000 00:00 0 
ed900000-100000000 rw-p 00000000 00:00 0 
7fcc54000000-7fcc54021000 rw-p 00000000 00:00 0 
7fcc54021000-7fcc58000000 ---p 00000000 00:00 0 
7fcc5c000000-7fcc5c021000 rw-p 00000000 00:00 0 
7fcc5c021000-7fcc60000000 ---p 00000000 00:00 0 
7fcc64000000-7fcc64021000 rw-p 00000000 00:00 0 
7fcc64021000-7fcc68000000 ---p 00000000 00:00 0 
7fcc69ff0000-7fcc6c000000 rw-p 00000000 00:00 0 
7fcc6c000000-7fcc6c021000 rw-p 00000000 00:00 0 
7fcc6c021000-7fcc70000000 ---p 00000000 00:00 0 
7fcc71000000-7fcc71270000 rwxp 00000000 00:00 0 
7fcc71270000-7fcc74057000 rw-p 00000000 00:00 0 
7fcc74057000-7fcc78000000 ---p 00000000 00:00 0 
7fcc7826e000-7fcc784da000 rw-p 00000000 00:00 0 
7fcc784da000-7fcc785a4000 r--s 011ad000 08:02 2241479                    /home/yee/android-sdks/platforms/android-18/android.jar
7fcc785a4000-7fcc7889e000 rw-p 00000000 00:00 0 
7fcc7889e000-7fcc7889f000 ---p 00000000 00:00 0 
7fcc7889f000-7fcc7899f000 rw-p 00000000 00:00 0                          [stack:16841]
7fcc7899f000-7fcc789a0000 ---p 00000000 00:00 0 
7fcc789a0000-7fcc78aa0000 rw-p 00000000 00:00 0                          [stack:16840]
7fcc78aa0000-7fcc78aa1000 ---p 00000000 00:00 0 
7fcc78aa1000-7fcc78ba1000 rw-p 00000000 00:00 0                          [stack:16839]
7fcc78ba1000-7fcc78ba2000 ---p 00000000 00:00 0 
7fcc78ba2000-7fcc78cad000 rw-p 00000000 00:00 0                          [stack:16838]
7fcc78cad000-7fcc78ccb000 rw-p 00000000 00:00 0 
7fcc78ccb000-7fcc78cdf000 rw-p 00000000 00:00 0 
7fcc78cdf000-7fcc78e06000 rw-p 00000000 00:00 0 
7fcc78e06000-7fcc78e11000 rw-p 00000000 00:00 0 
7fcc78e11000-7fcc78e2f000 rw-p 00000000 00:00 0 
7fcc78e2f000-7fcc78e43000 rw-p 00000000 00:00 0 
7fcc78e43000-7fcc78f69000 rw-p 00000000 00:00 0 
7fcc78f69000-7fcc78f74000 rw-p 00000000 00:00 0 
7fcc78f74000-7fcc79007000 rw-p 00000000 00:00 0 
7fcc79007000-7fcc79008000 rw-p 00000000 00:00 0 
7fcc79008000-7fcc79022000 r-xp 00000000 08:02 1591876                    /usr/lib/jvm/java-7-oracle/jre/lib/amd64/libzip.so
7fcc79022000-7fcc79222000 ---p 0001a000 08:02 1591876                    /usr/lib/jvm/java-7-oracle/jre/lib/amd64/libzip.so
7fcc79222000-7fcc79223000 rw-p 0001a000 08:02 1591876                    /usr/lib/jvm/java-7-oracle/jre/lib/amd64/libzip.so
7fcc79223000-7fcc7922f000 r-xp 00000000 08:02 4860874                    /lib/x86_64-linux-gnu/libnss_files-2.15.so
7fcc7922f000-7fcc7942e000 ---p 0000c000 08:02 4860874                    /lib/x86_64-linux-gnu/libnss_files-2.15.so
7fcc7942e000-7fcc7942f000 r--p 0000b000 08:02 4860874                    /lib/x86_64-linux-gnu/libnss_files-2.15.so
7fcc7942f000-7fcc79430000 rw-p 0000c000 08:02 4860874                    /lib/x86_64-linux-gnu/libnss_files-2.15.so
7fcc79430000-7fcc7943a000 r-xp 00000000 08:02 4860878                    /lib/x86_64-linux-gnu/libnss_nis-2.15.so
7fcc7943a000-7fcc7963a000 ---p 0000a000 08:02 4860878                    /lib/x86_64-linux-gnu/libnss_nis-2.15.so
7fcc7963a000-7fcc7963b000 r--p 0000a000 08:02 4860878                    /lib/x86_64-linux-gnu/libnss_nis-2.15.so
7fcc7963b000-7fcc7963c000 rw-p 0000b000 08:02 4860878                    /lib/x86_64-linux-gnu/libnss_nis-2.15.so
7fcc7963c000-7fcc79653000 r-xp 00000000 08:02 4860890                    /lib/x86_64-linux-gnu/libnsl-2.15.so
7fcc79653000-7fcc79852000 ---p 00017000 08:02 4860890                    /lib/x86_64-linux-gnu/libnsl-2.15.so
7fcc79852000-7fcc79853000 r--p 00016000 08:02 4860890                    /lib/x86_64-linux-gnu/libnsl-2.15.so
7fcc79853000-7fcc79854000 rw-p 00017000 08:02 4860890                    /lib/x86_64-linux-gnu/libnsl-2.15.so
7fcc79854000-7fcc79856000 rw-p 00000000 00:00 0 
7fcc79856000-7fcc7985e000 r-xp 00000000 08:02 4860872                    /lib/x86_64-linux-gnu/libnss_compat-2.15.so
7fcc7985e000-7fcc79a5d000 ---p 00008000 08:02 4860872                    /lib/x86_64-linux-gnu/libnss_compat-2.15.so
7fcc79a5d000-7fcc79a5e000 r--p 00007000 08:02 4860872                    /lib/x86_64-linux-gnu/libnss_compat-2.15.so
7fcc79a5e000-7fcc79a5f000 rw-p 00008000 08:02 4860872                    /lib/x86_64-linux-gnu/libnss_compat-2.15.so
7fcc79a5f000-7fcc7a142000 r--p 00000000 08:02 793110                     /usr/lib/locale/locale-archive
7fcc7a142000-7fcc7a145000 r-xp 00000000 08:02 1591852                    /usr/lib/jvm/java-7-oracle/jre/lib/amd64/libnpt.so
7fcc7a145000-7fcc7a344000 ---p 00003000 08:02 1591852                    /usr/lib/jvm/java-7-oracle/jre/lib/amd64/libnpt.so
7fcc7a344000-7fcc7a345000 rw-p 00002000 08:02 1591852                    /usr/lib/jvm/java-7-oracle/jre/lib/amd64/libnpt.so
7fcc7a345000-7fcc7a37e000 r-xp 00000000 08:02 1591812                    /usr/lib/jvm/java-7-oracle/jre/lib/amd64/libjdwp.so
7fcc7a37e000-7fcc7a57e000 ---p 00039000 08:02 1591812                    /usr/lib/jvm/java-7-oracle/jre/lib/amd64/libjdwp.so
7fcc7a57e000-7fcc7a57f000 rw-p 00039000 08:02 1591812                    /usr/lib/jvm/java-7-oracle/jre/lib/amd64/libjdwp.so
7fcc7a57f000-7fcc7a580000 rw-p 00000000 00:00 0 
7fcc7a580000-7fcc7a5a9000 r-xp 00000000 08:02 1591782                    /usr/lib/jvm/java-7-oracle/jre/lib/amd64/libjava.so
7fcc7a5a9000-7fcc7a7a9000 ---p 00029000 08:02 1591782                    /usr/lib/jvm/java-7-oracle/jre/lib/amd64/libjava.so
7fcc7a7a9000-7fcc7a7ab000 rw-p 00029000 08:02 1591782                    /usr/lib/jvm/java-7-oracle/jre/lib/amd64/libjava.so
7fcc7a7ab000-7fcc7a7b8000 r-xp 00000000 08:02 1591874                    /usr/lib/jvm/java-7-oracle/jre/lib/amd64/libverify.so
7fcc7a7b8000-7fcc7a9b7000 ---p 0000d000 08:02 1591874                    /usr/lib/jvm/java-7-oracle/jre/lib/amd64/libverify.so
7fcc7a9b7000-7fcc7a9b9000 rw-p 0000c000 08:02 1591874                    /usr/lib/jvm/java-7-oracle/jre/lib/amd64/libverify.so
7fcc7a9b9000-7fcc7a9c0000 r-xp 00000000 08:02 4860877                    /lib/x86_64-linux-gnu/librt-2.15.so
7fcc7a9c0000-7fcc7abbf000 ---p 00007000 08:02 4860877                    /lib/x86_64-linux-gnu/librt-2.15.so
7fcc7abbf000-7fcc7abc0000 r--p 00006000 08:02 4860877                    /lib/x86_64-linux-gnu/librt-2.15.so
7fcc7abc0000-7fcc7abc1000 rw-p 00007000 08:02 4860877                    /lib/x86_64-linux-gnu/librt-2.15.so
7fcc7abc1000-7fcc7acbc000 r-xp 00000000 08:02 4860881                    /lib/x86_64-linux-gnu/libm-2.15.so
7fcc7acbc000-7fcc7aebb000 ---p 000fb000 08:02 4860881                    /lib/x86_64-linux-gnu/libm-2.15.so
7fcc7aebb000-7fcc7aebc000 r--p 000fa000 08:02 4860881                    /lib/x86_64-linux-gnu/libm-2.15.so
7fcc7aebc000-7fcc7aebd000 rw-p 000fb000 08:02 4860881                    /lib/x86_64-linux-gnu/libm-2.15.so
7fcc7aebd000-7fcc7ba1f000 r-xp 00000000 08:02 1591786                    /usr/lib/jvm/java-7-oracle/jre/lib/amd64/server/libjvm.so
7fcc7ba1f000-7fcc7bc1f000 ---p 00b62000 08:02 1591786                    /usr/lib/jvm/java-7-oracle/jre/lib/amd64/server/libjvm.so
7fcc7bc1f000-7fcc7bce2000 rw-p 00b62000 08:02 1591786                    /usr/lib/jvm/java-7-oracle/jre/lib/amd64/server/libjvm.so
7fcc7bce2000-7fcc7bd23000 rw-p 00000000 00:00 0 
7fcc7bd23000-7fcc7bed8000 r-xp 00000000 08:02 4860870                    /lib/x86_64-linux-gnu/libc-2.15.so
7fcc7bed8000-7fcc7c0d8000 ---p 001b5000 08:02 4860870                    /lib/x86_64-linux-gnu/libc-2.15.so
7fcc7c0d8000-7fcc7c0dc000 r--p 001b5000 08:02 4860870                    /lib/x86_64-linux-gnu/libc-2.15.so
7fcc7c0dc000-7fcc7c0de000 rw-p 001b9000 08:02 4860870                    /lib/x86_64-linux-gnu/libc-2.15.so
7fcc7c0de000-7fcc7c0e3000 rw-p 00000000 00:00 0 
7fcc7c0e3000-7fcc7c0e5000 r-xp 00000000 08:02 4860885                    /lib/x86_64-linux-gnu/libdl-2.15.so
7fcc7c0e5000-7fcc7c2e5000 ---p 00002000 08:02 4860885                    /lib/x86_64-linux-gnu/libdl-2.15.so
7fcc7c2e5000-7fcc7c2e6000 r--p 00002000 08:02 4860885                    /lib/x86_64-linux-gnu/libdl-2.15.so
7fcc7c2e6000-7fcc7c2e7000 rw-p 00003000 08:02 4860885                    /lib/x86_64-linux-gnu/libdl-2.15.so
7fcc7c2e7000-7fcc7c2fd000 r-xp 00000000 08:02 1876512                    /usr/lib/jvm/java-7-oracle/lib/amd64/jli/libjli.so
7fcc7c2fd000-7fcc7c4fd000 ---p 00016000 08:02 1876512                    /usr/lib/jvm/java-7-oracle/lib/amd64/jli/libjli.so
7fcc7c4fd000-7fcc7c4fe000 rw-p 00016000 08:02 1876512                    /usr/lib/jvm/java-7-oracle/lib/amd64/jli/libjli.so
7fcc7c4fe000-7fcc7c516000 r-xp 00000000 08:02 4860879                    /lib/x86_64-linux-gnu/libpthread-2.15.so
7fcc7c516000-7fcc7c715000 ---p 00018000 08:02 4860879                    /lib/x86_64-linux-gnu/libpthread-2.15.so
7fcc7c715000-7fcc7c716000 r--p 00017000 08:02 4860879                    /lib/x86_64-linux-gnu/libpthread-2.15.so
7fcc7c716000-7fcc7c717000 rw-p 00018000 08:02 4860879                    /lib/x86_64-linux-gnu/libpthread-2.15.so
7fcc7c717000-7fcc7c71b000 rw-p 00000000 00:00 0 
7fcc7c71b000-7fcc7c73d000 r-xp 00000000 08:02 4860882                    /lib/x86_64-linux-gnu/ld-2.15.so
7fcc7c743000-7fcc7c762000 rw-p 00000000 00:00 0 
7fcc7c762000-7fcc7c818000 rw-p 00000000 00:00 0 
7fcc7c818000-7fcc7c81b000 ---p 00000000 00:00 0 
7fcc7c81b000-7fcc7c91d000 rw-p 00000000 00:00 0                          [stack:16837]
7fcc7c931000-7fcc7c939000 rw-s 00000000 08:02 1586600                    /tmp/hsperfdata_yee/16835
7fcc7c939000-7fcc7c93a000 rw-p 00000000 00:00 0 
7fcc7c93a000-7fcc7c93b000 r--p 00000000 00:00 0 
7fcc7c93b000-7fcc7c93d000 rw-p 00000000 00:00 0 
7fcc7c93d000-7fcc7c93e000 r--p 00022000 08:02 4860882                    /lib/x86_64-linux-gnu/ld-2.15.so
7fcc7c93e000-7fcc7c940000 rw-p 00023000 08:02 4860882                    /lib/x86_64-linux-gnu/ld-2.15.so
7ffffc917000-7ffffc938000 rw-p 00000000 00:00 0                          [stack]
7ffffc99b000-7ffffc99c000 r-xp 00000000 00:00 0                          [vdso]
ffffffffff600000-ffffffffff601000 r-xp 00000000 00:00 0                  [vsyscall]

VM Arguments:
jvm_args: -agentlib:jdwp=transport=dt_socket,suspend=y,address=localhost:60808 -Dfile.encoding=UTF-8 -Xbootclasspath:/home/yee/android-sdks/platforms/android-18/android.jar 
java_command: com.example.myfirstapp.DiffClient
Launcher Type: SUN_STANDARD

Environment Variables:
PATH=/usr/lib/lightdm/lightdm:/usr/local/sbin:/usr/local/bin:/usr/sbin:/usr/bin:/sbin:/bin:/usr/games
SHELL=/bin/bash
DISPLAY=:0

Signal Handlers:
SIGSEGV: [libjvm.so+0x9935b0], sa_mask[0]=0x7ffbfeff, sa_flags=0x10000004
SIGBUS: [libjvm.so+0x9935b0], sa_mask[0]=0x7ffbfeff, sa_flags=0x10000004
SIGFPE: [libjvm.so+0x810330], sa_mask[0]=0x7ffbfeff, sa_flags=0x10000004
SIGPIPE: [libjvm.so+0x810330], sa_mask[0]=0x7ffbfeff, sa_flags=0x10000004
SIGXFSZ: [libjvm.so+0x810330], sa_mask[0]=0x7ffbfeff, sa_flags=0x10000004
SIGILL: [libjvm.so+0x810330], sa_mask[0]=0x7ffbfeff, sa_flags=0x10000004
SIGUSR1: SIG_DFL, sa_mask[0]=0x00000000, sa_flags=0x00000000
SIGUSR2: [libjvm.so+0x811820], sa_mask[0]=0x00000004, sa_flags=0x10000004
SIGHUP: SIG_DFL, sa_mask[0]=0x00000000, sa_flags=0x00000000
SIGINT: SIG_DFL, sa_mask[0]=0x00000000, sa_flags=0x00000000
SIGTERM: SIG_DFL, sa_mask[0]=0x00000000, sa_flags=0x00000000
SIGQUIT: SIG_DFL, sa_mask[0]=0x00000000, sa_flags=0x00000000


---------------  S Y S T E M  ---------------

OS:wheezy/sid

uname:Linux 3.5.0-43-generic #66~precise1-Ubuntu SMP Thu Oct 24 14:52:23 UTC 2013 x86_64
libc:glibc 2.15 NPTL 2.15 
rlimit: STACK 8192k, CORE 0k, NPROC 29522, NOFILE 4096, AS infinity
load average:0.62 0.81 0.75

/proc/meminfo:
MemTotal:        3862780 kB
MemFree:          310756 kB
Buffers:           48604 kB
Cached:           762152 kB
SwapCached:        63264 kB
Active:          2536804 kB
Inactive:         807972 kB
Active(anon):    2289696 kB
Inactive(anon):   527232 kB
Active(file):     247108 kB
Inactive(file):   280740 kB
Unevictable:          80 kB
Mlocked:              80 kB
SwapTotal:       4008956 kB
SwapFree:        3441852 kB
Dirty:                28 kB
Writeback:             0 kB
AnonPages:       2492956 kB
Mapped:           149444 kB
Shmem:            282712 kB
Slab:              81568 kB
SReclaimable:      42192 kB
SUnreclaim:        39376 kB
KernelStack:        5016 kB
PageTables:        54320 kB
NFS_Unstable:          0 kB
Bounce:                0 kB
WritebackTmp:          0 kB
CommitLimit:     5940344 kB
Committed_AS:    9534012 kB
VmallocTotal:   34359738367 kB
VmallocUsed:      360556 kB
VmallocChunk:   34359360640 kB
HardwareCorrupted:     0 kB
AnonHugePages:         0 kB
HugePages_Total:       0
HugePages_Free:        0
HugePages_Rsvd:        0
HugePages_Surp:        0
Hugepagesize:       2048 kB
DirectMap4k:       73728 kB
DirectMap2M:     4012032 kB


CPU:total 4 (2 cores per cpu, 2 threads per core) family 6 model 58 stepping 9, cmov, cx8, fxsr, mmx, sse, sse2, sse3, ssse3, sse4.1, sse4.2, popcnt, avx, aes, erms, ht, tsc, tscinvbit, tscinv

/proc/cpuinfo:
processor	: 0
vendor_id	: GenuineIntel
cpu family	: 6
model		: 58
model name	: Intel(R) Core(TM) i5-3210M CPU @ 2.50GHz
stepping	: 9
microcode	: 0x13
cpu MHz		: 2400.000
cache size	: 3072 KB
physical id	: 0
siblings	: 4
core id		: 0
cpu cores	: 2
apicid		: 0
initial apicid	: 0
fpu		: yes
fpu_exception	: yes
cpuid level	: 13
wp		: yes
flags		: fpu vme de pse tsc msr pae mce cx8 apic sep mtrr pge mca cmov pat pse36 clflush dts acpi mmx fxsr sse sse2 ss ht tm pbe syscall nx rdtscp lm constant_tsc arch_perfmon pebs bts rep_good nopl xtopology nonstop_tsc aperfmperf pni pclmulqdq dtes64 monitor ds_cpl vmx est tm2 ssse3 cx16 xtpr pdcm pcid sse4_1 sse4_2 x2apic popcnt tsc_deadline_timer aes xsave avx f16c rdrand lahf_lm ida arat epb xsaveopt pln pts dtherm tpr_shadow vnmi flexpriority ept vpid fsgsbase smep erms
bogomips	: 4988.86
clflush size	: 64
cache_alignment	: 64
address sizes	: 36 bits physical, 48 bits virtual
power management:

processor	: 1
vendor_id	: GenuineIntel
cpu family	: 6
model		: 58
model name	: Intel(R) Core(TM) i5-3210M CPU @ 2.50GHz
stepping	: 9
microcode	: 0x13
cpu MHz		: 1200.000
cache size	: 3072 KB
physical id	: 0
siblings	: 4
core id		: 0
cpu cores	: 2
apicid		: 1
initial apicid	: 1
fpu		: yes
fpu_exception	: yes
cpuid level	: 13
wp		: yes
flags		: fpu vme de pse tsc msr pae mce cx8 apic sep mtrr pge mca cmov pat pse36 clflush dts acpi mmx fxsr sse sse2 ss ht tm pbe syscall nx rdtscp lm constant_tsc arch_perfmon pebs bts rep_good nopl xtopology nonstop_tsc aperfmperf pni pclmulqdq dtes64 monitor ds_cpl vmx est tm2 ssse3 cx16 xtpr pdcm pcid sse4_1 sse4_2 x2apic popcnt tsc_deadline_timer aes xsave avx f16c rdrand lahf_lm ida arat epb xsaveopt pln pts dtherm tpr_shadow vnmi flexpriority ept vpid fsgsbase smep erms
bogomips	: 4988.86
clflush size	: 64
cache_alignment	: 64
address sizes	: 36 bits physical, 48 bits virtual
power management:

processor	: 2
vendor_id	: GenuineIntel
cpu family	: 6
model		: 58
model name	: Intel(R) Core(TM) i5-3210M CPU @ 2.50GHz
stepping	: 9
microcode	: 0x13
cpu MHz		: 2501.000
cache size	: 3072 KB
physical id	: 0
siblings	: 4
core id		: 1
cpu cores	: 2
apicid		: 2
initial apicid	: 2
fpu		: yes
fpu_exception	: yes
cpuid level	: 13
wp		: yes
flags		: fpu vme de pse tsc msr pae mce cx8 apic sep mtrr pge mca cmov pat pse36 clflush dts acpi mmx fxsr sse sse2 ss ht tm pbe syscall nx rdtscp lm constant_tsc arch_perfmon pebs bts rep_good nopl xtopology nonstop_tsc aperfmperf pni pclmulqdq dtes64 monitor ds_cpl vmx est tm2 ssse3 cx16 xtpr pdcm pcid sse4_1 sse4_2 x2apic popcnt tsc_deadline_timer aes xsave avx f16c rdrand lahf_lm ida arat epb xsaveopt pln pts dtherm tpr_shadow vnmi flexpriority ept vpid fsgsbase smep erms
bogomips	: 4988.86
clflush size	: 64
cache_alignment	: 64
address sizes	: 36 bits physical, 48 bits virtual
power management:

processor	: 3
vendor_id	: GenuineIntel
cpu family	: 6
model		: 58
model name	: Intel(R) Core(TM) i5-3210M CPU @ 2.50GHz
stepping	: 9
microcode	: 0x13
cpu MHz		: 2501.000
cache size	: 3072 KB
physical id	: 0
siblings	: 4
core id		: 1
cpu cores	: 2
apicid		: 3
initial apicid	: 3
fpu		: yes
fpu_exception	: yes
cpuid level	: 13
wp		: yes
flags		: fpu vme de pse tsc msr pae mce cx8 apic sep mtrr pge mca cmov pat pse36 clflush dts acpi mmx fxsr sse sse2 ss ht tm pbe syscall nx rdtscp lm constant_tsc arch_perfmon pebs bts rep_good nopl xtopology nonstop_tsc aperfmperf pni pclmulqdq dtes64 monitor ds_cpl vmx est tm2 ssse3 cx16 xtpr pdcm pcid sse4_1 sse4_2 x2apic popcnt tsc_deadline_timer aes xsave avx f16c rdrand lahf_lm ida arat epb xsaveopt pln pts dtherm tpr_shadow vnmi flexpriority ept vpid fsgsbase smep erms
bogomips	: 4988.86
clflush size	: 64
cache_alignment	: 64
address sizes	: 36 bits physical, 48 bits virtual
power management:



Memory: 4k page, physical 3862780k(310756k free), swap 4008956k(3441852k free)

vm_info: Java HotSpot(TM) 64-Bit Server VM (24.45-b08) for linux-amd64 JRE (1.7.0_45-b18), built on Oct  8 2013 05:44:25 by "java_re" with gcc 4.3.0 20080428 (Red Hat 4.3.0-8)

time: Mon Nov 25 17:49:57 2013
elapsed time: 0 seconds

