#
# A fatal error has been detected by the Java Runtime Environment:
#
#  Internal Error (javaClasses.cpp:136), pid=26563, tid=140550466397952
#  fatal error: Invalid layout of preloaded class
#
# JRE version:  (7.0_45-b18) (build )
# Java VM: Java HotSpot(TM) 64-Bit Server VM (24.45-b08 mixed mode linux-amd64 compressed oops)
# Failed to write core dump. Core dumps have been disabled. To enable core dumping, try "ulimit -c unlimited" before starting Java again
#
# If you would like to submit a bug report, please visit:
#   http://bugreport.sun.com/bugreport/crash.jsp
#

---------------  T H R E A D  ---------------

Current thread (0x00007fd46c00c000):  JavaThread "Unknown thread" [_thread_in_vm, id=26570, stack(0x00007fd4748f6000,0x00007fd4749f7000)]

Stack: [0x00007fd4748f6000,0x00007fd4749f7000],  sp=0x00007fd4749f57c0,  free space=1021k
Native frames: (J=compiled Java code, j=interpreted, Vv=VM code, C=native code)
V  [libjvm.so+0x992c8a]  VMError::report_and_die()+0x2ea
V  [libjvm.so+0x493559]  report_fatal(char const*, int, char const*)+0x59
V  [libjvm.so+0x5fdd00]  compute_offset(int&, klassOopDesc*, Symbol*, Symbol*, bool)+0x140
V  [libjvm.so+0x5fe819]  java_lang_String::compute_offsets()+0x39
V  [libjvm.so+0x918f55]  SystemDictionary::initialize_preloaded_classes(Thread*)+0x1a5
V  [libjvm.so+0x967c94]  Universe::genesis(Thread*)+0x494
V  [libjvm.so+0x968149]  universe2_init()+0x29
V  [libjvm.so+0x5a969d]  init_globals()+0xbd
V  [libjvm.so+0x94ed1d]  Threads::create_vm(JavaVMInitArgs*, bool*)+0x1ed
V  [libjvm.so+0x630804]  JNI_CreateJavaVM+0x74
C  [libjli.so+0x2f8e]  JavaMain+0x9e


---------------  P R O C E S S  ---------------

Java Threads: ( => current thread )

Other Threads:

=>0x00007fd46c00c000 (exited) JavaThread "Unknown thread" [_thread_in_vm, id=26570, stack(0x00007fd4748f6000,0x00007fd4749f7000)]

VM state:not at safepoint (not fully initialized)

VM Mutex/Monitor currently owned by a thread: None

GC Heap History (0 events):
No events

Deoptimization events (0 events):
No events

Internal exceptions (0 events):
No events

Events (10 events):
Event: 0.015 loading class 0x00007fd4706f86f0 done
Event: 0.015 loading class 0x00007fd4706f8110 done
Event: 0.015 loading class 0x00007fd4706f80f0
Event: 0.016 loading class 0x00007fd4707001f0
Event: 0.016 loading class 0x00007fd4707001f0 done
Event: 0.016 loading class 0x00007fd470700220
Event: 0.016 loading class 0x00007fd470700220 done
Event: 0.016 loading class 0x00007fd470700250
Event: 0.016 loading class 0x00007fd470700250 done
Event: 0.016 loading class 0x00007fd4706f80f0 done


Dynamic libraries:
00400000-00401000 r-xp 00000000 08:02 1877082                            /usr/lib/jvm/java-7-oracle/bin/java
00600000-00601000 rw-p 00000000 08:02 1877082                            /usr/lib/jvm/java-7-oracle/bin/java
0127d000-0129e000 rw-p 00000000 00:00 0                                  [heap]
bfe00000-c1300000 rw-p 00000000 00:00 0 
c1300000-c5000000 rw-p 00000000 00:00 0 
c5000000-c7700000 rw-p 00000000 00:00 0 
c7700000-ec500000 rw-p 00000000 00:00 0 
ec500000-ed900000 rw-p 00000000 00:00 0 
ed900000-100000000 rw-p 00000000 00:00 0 
7fd44c000000-7fd44c021000 rw-p 00000000 00:00 0 
7fd44c021000-7fd450000000 ---p 00000000 00:00 0 
7fd454000000-7fd454021000 rw-p 00000000 00:00 0 
7fd454021000-7fd458000000 ---p 00000000 00:00 0 
7fd45c000000-7fd45c021000 rw-p 00000000 00:00 0 
7fd45c021000-7fd460000000 ---p 00000000 00:00 0 
7fd461ff0000-7fd464000000 rw-p 00000000 00:00 0 
7fd464000000-7fd464021000 rw-p 00000000 00:00 0 
7fd464021000-7fd468000000 ---p 00000000 00:00 0 
7fd469000000-7fd469270000 rwxp 00000000 00:00 0 
7fd469270000-7fd46c057000 rw-p 00000000 00:00 0 
7fd46c057000-7fd470000000 ---p 00000000 00:00 0 
7fd47034c000-7fd4705b8000 rw-p 00000000 00:00 0 
7fd4705b8000-7fd470682000 r--s 011ad000 08:02 2241479                    /home/yee/android-sdks/platforms/android-18/android.jar
7fd470682000-7fd47097c000 rw-p 00000000 00:00 0 
7fd47097c000-7fd47097d000 ---p 00000000 00:00 0 
7fd47097d000-7fd470a7d000 rw-p 00000000 00:00 0                          [stack:26574]
7fd470a7d000-7fd470a7e000 ---p 00000000 00:00 0 
7fd470a7e000-7fd470b7e000 rw-p 00000000 00:00 0                          [stack:26573]
7fd470b7e000-7fd470b7f000 ---p 00000000 00:00 0 
7fd470b7f000-7fd470c7f000 rw-p 00000000 00:00 0                          [stack:26572]
7fd470c7f000-7fd470c80000 ---p 00000000 00:00 0 
7fd470c80000-7fd470d8b000 rw-p 00000000 00:00 0                          [stack:26571]
7fd470d8b000-7fd470da9000 rw-p 00000000 00:00 0 
7fd470da9000-7fd470dbd000 rw-p 00000000 00:00 0 
7fd470dbd000-7fd470ee4000 rw-p 00000000 00:00 0 
7fd470ee4000-7fd470eef000 rw-p 00000000 00:00 0 
7fd470eef000-7fd470f0d000 rw-p 00000000 00:00 0 
7fd470f0d000-7fd470f21000 rw-p 00000000 00:00 0 
7fd470f21000-7fd471047000 rw-p 00000000 00:00 0 
7fd471047000-7fd471052000 rw-p 00000000 00:00 0 
7fd471052000-7fd4710e5000 rw-p 00000000 00:00 0 
7fd4710e5000-7fd4710e6000 rw-p 00000000 00:00 0 
7fd4710e6000-7fd471100000 r-xp 00000000 08:02 1591876                    /usr/lib/jvm/java-7-oracle/jre/lib/amd64/libzip.so
7fd471100000-7fd471300000 ---p 0001a000 08:02 1591876                    /usr/lib/jvm/java-7-oracle/jre/lib/amd64/libzip.so
7fd471300000-7fd471301000 rw-p 0001a000 08:02 1591876                    /usr/lib/jvm/java-7-oracle/jre/lib/amd64/libzip.so
7fd471301000-7fd47130d000 r-xp 00000000 08:02 4860874                    /lib/x86_64-linux-gnu/libnss_files-2.15.so
7fd47130d000-7fd47150c000 ---p 0000c000 08:02 4860874                    /lib/x86_64-linux-gnu/libnss_files-2.15.so
7fd47150c000-7fd47150d000 r--p 0000b000 08:02 4860874                    /lib/x86_64-linux-gnu/libnss_files-2.15.so
7fd47150d000-7fd47150e000 rw-p 0000c000 08:02 4860874                    /lib/x86_64-linux-gnu/libnss_files-2.15.so
7fd47150e000-7fd471518000 r-xp 00000000 08:02 4860878                    /lib/x86_64-linux-gnu/libnss_nis-2.15.so
7fd471518000-7fd471718000 ---p 0000a000 08:02 4860878                    /lib/x86_64-linux-gnu/libnss_nis-2.15.so
7fd471718000-7fd471719000 r--p 0000a000 08:02 4860878                    /lib/x86_64-linux-gnu/libnss_nis-2.15.so
7fd471719000-7fd47171a000 rw-p 0000b000 08:02 4860878                    /lib/x86_64-linux-gnu/libnss_nis-2.15.so
7fd47171a000-7fd471731000 r-xp 00000000 08:02 4860890                    /lib/x86_64-linux-gnu/libnsl-2.15.so
7fd471731000-7fd471930000 ---p 00017000 08:02 4860890                    /lib/x86_64-linux-gnu/libnsl-2.15.so
7fd471930000-7fd471931000 r--p 00016000 08:02 4860890                    /lib/x86_64-linux-gnu/libnsl-2.15.so
7fd471931000-7fd471932000 rw-p 00017000 08:02 4860890                    /lib/x86_64-linux-gnu/libnsl-2.15.so
7fd471932000-7fd471934000 rw-p 00000000 00:00 0 
7fd471934000-7fd47193c000 r-xp 00000000 08:02 4860872                    /lib/x86_64-linux-gnu/libnss_compat-2.15.so
7fd47193c000-7fd471b3b000 ---p 00008000 08:02 4860872                    /lib/x86_64-linux-gnu/libnss_compat-2.15.so
7fd471b3b000-7fd471b3c000 r--p 00007000 08:02 4860872                    /lib/x86_64-linux-gnu/libnss_compat-2.15.so
7fd471b3c000-7fd471b3d000 rw-p 00008000 08:02 4860872                    /lib/x86_64-linux-gnu/libnss_compat-2.15.so
7fd471b3d000-7fd472220000 r--p 00000000 08:02 793110                     /usr/lib/locale/locale-archive
7fd472220000-7fd472223000 r-xp 00000000 08:02 1591852                    /usr/lib/jvm/java-7-oracle/jre/lib/amd64/libnpt.so
7fd472223000-7fd472422000 ---p 00003000 08:02 1591852                    /usr/lib/jvm/java-7-oracle/jre/lib/amd64/libnpt.so
7fd472422000-7fd472423000 rw-p 00002000 08:02 1591852                    /usr/lib/jvm/java-7-oracle/jre/lib/amd64/libnpt.so
7fd472423000-7fd47245c000 r-xp 00000000 08:02 1591812                    /usr/lib/jvm/java-7-oracle/jre/lib/amd64/libjdwp.so
7fd47245c000-7fd47265c000 ---p 00039000 08:02 1591812                    /usr/lib/jvm/java-7-oracle/jre/lib/amd64/libjdwp.so
7fd47265c000-7fd47265d000 rw-p 00039000 08:02 1591812                    /usr/lib/jvm/java-7-oracle/jre/lib/amd64/libjdwp.so
7fd47265d000-7fd47265e000 rw-p 00000000 00:00 0 
7fd47265e000-7fd472687000 r-xp 00000000 08:02 1591782                    /usr/lib/jvm/java-7-oracle/jre/lib/amd64/libjava.so
7fd472687000-7fd472887000 ---p 00029000 08:02 1591782                    /usr/lib/jvm/java-7-oracle/jre/lib/amd64/libjava.so
7fd472887000-7fd472889000 rw-p 00029000 08:02 1591782                    /usr/lib/jvm/java-7-oracle/jre/lib/amd64/libjava.so
7fd472889000-7fd472896000 r-xp 00000000 08:02 1591874                    /usr/lib/jvm/java-7-oracle/jre/lib/amd64/libverify.so
7fd472896000-7fd472a95000 ---p 0000d000 08:02 1591874                    /usr/lib/jvm/java-7-oracle/jre/lib/amd64/libverify.so
7fd472a95000-7fd472a97000 rw-p 0000c000 08:02 1591874                    /usr/lib/jvm/java-7-oracle/jre/lib/amd64/libverify.so
7fd472a97000-7fd472a9e000 r-xp 00000000 08:02 4860877                    /lib/x86_64-linux-gnu/librt-2.15.so
7fd472a9e000-7fd472c9d000 ---p 00007000 08:02 4860877                    /lib/x86_64-linux-gnu/librt-2.15.so
7fd472c9d000-7fd472c9e000 r--p 00006000 08:02 4860877                    /lib/x86_64-linux-gnu/librt-2.15.so
7fd472c9e000-7fd472c9f000 rw-p 00007000 08:02 4860877                    /lib/x86_64-linux-gnu/librt-2.15.so
7fd472c9f000-7fd472d9a000 r-xp 00000000 08:02 4860881                    /lib/x86_64-linux-gnu/libm-2.15.so
7fd472d9a000-7fd472f99000 ---p 000fb000 08:02 4860881                    /lib/x86_64-linux-gnu/libm-2.15.so
7fd472f99000-7fd472f9a000 r--p 000fa000 08:02 4860881                    /lib/x86_64-linux-gnu/libm-2.15.so
7fd472f9a000-7fd472f9b000 rw-p 000fb000 08:02 4860881                    /lib/x86_64-linux-gnu/libm-2.15.so
7fd472f9b000-7fd473afd000 r-xp 00000000 08:02 1591786                    /usr/lib/jvm/java-7-oracle/jre/lib/amd64/server/libjvm.so
7fd473afd000-7fd473cfd000 ---p 00b62000 08:02 1591786                    /usr/lib/jvm/java-7-oracle/jre/lib/amd64/server/libjvm.so
7fd473cfd000-7fd473dc0000 rw-p 00b62000 08:02 1591786                    /usr/lib/jvm/java-7-oracle/jre/lib/amd64/server/libjvm.so
7fd473dc0000-7fd473e01000 rw-p 00000000 00:00 0 
7fd473e01000-7fd473fb6000 r-xp 00000000 08:02 4860870                    /lib/x86_64-linux-gnu/libc-2.15.so
7fd473fb6000-7fd4741b6000 ---p 001b5000 08:02 4860870                    /lib/x86_64-linux-gnu/libc-2.15.so
7fd4741b6000-7fd4741ba000 r--p 001b5000 08:02 4860870                    /lib/x86_64-linux-gnu/libc-2.15.so
7fd4741ba000-7fd4741bc000 rw-p 001b9000 08:02 4860870                    /lib/x86_64-linux-gnu/libc-2.15.so
7fd4741bc000-7fd4741c1000 rw-p 00000000 00:00 0 
7fd4741c1000-7fd4741c3000 r-xp 00000000 08:02 4860885                    /lib/x86_64-linux-gnu/libdl-2.15.so
7fd4741c3000-7fd4743c3000 ---p 00002000 08:02 4860885                    /lib/x86_64-linux-gnu/libdl-2.15.so
7fd4743c3000-7fd4743c4000 r--p 00002000 08:02 4860885                    /lib/x86_64-linux-gnu/libdl-2.15.so
7fd4743c4000-7fd4743c5000 rw-p 00003000 08:02 4860885                    /lib/x86_64-linux-gnu/libdl-2.15.so
7fd4743c5000-7fd4743db000 r-xp 00000000 08:02 1876512                    /usr/lib/jvm/java-7-oracle/lib/amd64/jli/libjli.so
7fd4743db000-7fd4745db000 ---p 00016000 08:02 1876512                    /usr/lib/jvm/java-7-oracle/lib/amd64/jli/libjli.so
7fd4745db000-7fd4745dc000 rw-p 00016000 08:02 1876512                    /usr/lib/jvm/java-7-oracle/lib/amd64/jli/libjli.so
7fd4745dc000-7fd4745f4000 r-xp 00000000 08:02 4860879                    /lib/x86_64-linux-gnu/libpthread-2.15.so
7fd4745f4000-7fd4747f3000 ---p 00018000 08:02 4860879                    /lib/x86_64-linux-gnu/libpthread-2.15.so
7fd4747f3000-7fd4747f4000 r--p 00017000 08:02 4860879                    /lib/x86_64-linux-gnu/libpthread-2.15.so
7fd4747f4000-7fd4747f5000 rw-p 00018000 08:02 4860879                    /lib/x86_64-linux-gnu/libpthread-2.15.so
7fd4747f5000-7fd4747f9000 rw-p 00000000 00:00 0 
7fd4747f9000-7fd47481b000 r-xp 00000000 08:02 4860882                    /lib/x86_64-linux-gnu/ld-2.15.so
7fd474821000-7fd474840000 rw-p 00000000 00:00 0 
7fd474840000-7fd4748f6000 rw-p 00000000 00:00 0 
7fd4748f6000-7fd4748f9000 ---p 00000000 00:00 0 
7fd4748f9000-7fd4749fb000 rw-p 00000000 00:00 0                          [stack:26570]
7fd474a0f000-7fd474a17000 rw-s 00000000 08:02 1578770                    /tmp/hsperfdata_yee/26563
7fd474a17000-7fd474a18000 rw-p 00000000 00:00 0 
7fd474a18000-7fd474a19000 r--p 00000000 00:00 0 
7fd474a19000-7fd474a1b000 rw-p 00000000 00:00 0 
7fd474a1b000-7fd474a1c000 r--p 00022000 08:02 4860882                    /lib/x86_64-linux-gnu/ld-2.15.so
7fd474a1c000-7fd474a1e000 rw-p 00023000 08:02 4860882                    /lib/x86_64-linux-gnu/ld-2.15.so
7fff119e4000-7fff11a05000 rw-p 00000000 00:00 0                          [stack]
7fff11aeb000-7fff11aec000 r-xp 00000000 00:00 0                          [vdso]
ffffffffff600000-ffffffffff601000 r-xp 00000000 00:00 0                  [vsyscall]

VM Arguments:
jvm_args: -agentlib:jdwp=transport=dt_socket,suspend=y,address=localhost:54807 -Dfile.encoding=UTF-8 -Xbootclasspath:/home/yee/android-sdks/platforms/android-18/android.jar 
java_command: com.example.myfirstapp.DiffClient
Launcher Type: SUN_STANDARD

Environment Variables:
PATH=/usr/lib/lightdm/lightdm:/usr/local/sbin:/usr/local/bin:/usr/sbin:/usr/bin:/sbin:/bin:/usr/games
SHELL=/bin/bash
DISPLAY=:0

Signal Handlers:
SIGSEGV: [libjvm.so+0x9935b0], sa_mask[0]=0x7ffbfeff, sa_flags=0x10000004
SIGBUS: [libjvm.so+0x9935b0], sa_mask[0]=0x7ffbfeff, sa_flags=0x10000004
SIGFPE: [libjvm.so+0x810330], sa_mask[0]=0x7ffbfeff, sa_flags=0x10000004
SIGPIPE: [libjvm.so+0x810330], sa_mask[0]=0x7ffbfeff, sa_flags=0x10000004
SIGXFSZ: [libjvm.so+0x810330], sa_mask[0]=0x7ffbfeff, sa_flags=0x10000004
SIGILL: [libjvm.so+0x810330], sa_mask[0]=0x7ffbfeff, sa_flags=0x10000004
SIGUSR1: SIG_DFL, sa_mask[0]=0x00000000, sa_flags=0x00000000
SIGUSR2: [libjvm.so+0x811820], sa_mask[0]=0x00000004, sa_flags=0x10000004
SIGHUP: SIG_DFL, sa_mask[0]=0x00000000, sa_flags=0x00000000
SIGINT: SIG_DFL, sa_mask[0]=0x00000000, sa_flags=0x00000000
SIGTERM: SIG_DFL, sa_mask[0]=0x00000000, sa_flags=0x00000000
SIGQUIT: SIG_DFL, sa_mask[0]=0x00000000, sa_flags=0x00000000


---------------  S Y S T E M  ---------------

OS:wheezy/sid

uname:Linux 3.5.0-43-generic #66~precise1-Ubuntu SMP Thu Oct 24 14:52:23 UTC 2013 x86_64
libc:glibc 2.15 NPTL 2.15 
rlimit: STACK 8192k, CORE 0k, NPROC 29522, NOFILE 4096, AS infinity
load average:0.38 0.60 0.63

/proc/meminfo:
MemTotal:        3862780 kB
MemFree:          261216 kB
Buffers:           48160 kB
Cached:           514256 kB
SwapCached:       124904 kB
Active:          2433464 kB
Inactive:         885444 kB
Active(anon):    2324736 kB
Inactive(anon):   720716 kB
Active(file):     108728 kB
Inactive(file):   164728 kB
Unevictable:          96 kB
Mlocked:              96 kB
SwapTotal:       4008956 kB
SwapFree:        3070440 kB
Dirty:               324 kB
Writeback:             0 kB
AnonPages:       2728528 kB
Mapped:           153512 kB
Shmem:            288840 kB
Slab:             152244 kB
SReclaimable:     110232 kB
SUnreclaim:        42012 kB
KernelStack:        5680 kB
PageTables:        58376 kB
NFS_Unstable:          0 kB
Bounce:                0 kB
WritebackTmp:          0 kB
CommitLimit:     5940344 kB
Committed_AS:   10776300 kB
VmallocTotal:   34359738367 kB
VmallocUsed:      360500 kB
VmallocChunk:   34359370716 kB
HardwareCorrupted:     0 kB
AnonHugePages:         0 kB
HugePages_Total:       0
HugePages_Free:        0
HugePages_Rsvd:        0
HugePages_Surp:        0
Hugepagesize:       2048 kB
DirectMap4k:       61440 kB
DirectMap2M:     4024320 kB


CPU:total 4 (2 cores per cpu, 2 threads per core) family 6 model 58 stepping 9, cmov, cx8, fxsr, mmx, sse, sse2, sse3, ssse3, sse4.1, sse4.2, popcnt, avx, aes, erms, ht, tsc, tscinvbit, tscinv

/proc/cpuinfo:
processor	: 0
vendor_id	: GenuineIntel
cpu family	: 6
model		: 58
model name	: Intel(R) Core(TM) i5-3210M CPU @ 2.50GHz
stepping	: 9
microcode	: 0x13
cpu MHz		: 2501.000
cache size	: 3072 KB
physical id	: 0
siblings	: 4
core id		: 0
cpu cores	: 2
apicid		: 0
initial apicid	: 0
fpu		: yes
fpu_exception	: yes
cpuid level	: 13
wp		: yes
flags		: fpu vme de pse tsc msr pae mce cx8 apic sep mtrr pge mca cmov pat pse36 clflush dts acpi mmx fxsr sse sse2 ss ht tm pbe syscall nx rdtscp lm constant_tsc arch_perfmon pebs bts rep_good nopl xtopology nonstop_tsc aperfmperf pni pclmulqdq dtes64 monitor ds_cpl vmx est tm2 ssse3 cx16 xtpr pdcm pcid sse4_1 sse4_2 x2apic popcnt tsc_deadline_timer aes xsave avx f16c rdrand lahf_lm ida arat epb xsaveopt pln pts dtherm tpr_shadow vnmi flexpriority ept vpid fsgsbase smep erms
bogomips	: 4988.72
clflush size	: 64
cache_alignment	: 64
address sizes	: 36 bits physical, 48 bits virtual
power management:

processor	: 1
vendor_id	: GenuineIntel
cpu family	: 6
model		: 58
model name	: Intel(R) Core(TM) i5-3210M CPU @ 2.50GHz
stepping	: 9
microcode	: 0x13
cpu MHz		: 2501.000
cache size	: 3072 KB
physical id	: 0
siblings	: 4
core id		: 0
cpu cores	: 2
apicid		: 1
initial apicid	: 1
fpu		: yes
fpu_exception	: yes
cpuid level	: 13
wp		: yes
flags		: fpu vme de pse tsc msr pae mce cx8 apic sep mtrr pge mca cmov pat pse36 clflush dts acpi mmx fxsr sse sse2 ss ht tm pbe syscall nx rdtscp lm constant_tsc arch_perfmon pebs bts rep_good nopl xtopology nonstop_tsc aperfmperf pni pclmulqdq dtes64 monitor ds_cpl vmx est tm2 ssse3 cx16 xtpr pdcm pcid sse4_1 sse4_2 x2apic popcnt tsc_deadline_timer aes xsave avx f16c rdrand lahf_lm ida arat epb xsaveopt pln pts dtherm tpr_shadow vnmi flexpriority ept vpid fsgsbase smep erms
bogomips	: 4988.72
clflush size	: 64
cache_alignment	: 64
address sizes	: 36 bits physical, 48 bits virtual
power management:

processor	: 2
vendor_id	: GenuineIntel
cpu family	: 6
model		: 58
model name	: Intel(R) Core(TM) i5-3210M CPU @ 2.50GHz
stepping	: 9
microcode	: 0x13
cpu MHz		: 2500.000
cache size	: 3072 KB
physical id	: 0
siblings	: 4
core id		: 1
cpu cores	: 2
apicid		: 2
initial apicid	: 2
fpu		: yes
fpu_exception	: yes
cpuid level	: 13
wp		: yes
flags		: fpu vme de pse tsc msr pae mce cx8 apic sep mtrr pge mca cmov pat pse36 clflush dts acpi mmx fxsr sse sse2 ss ht tm pbe syscall nx rdtscp lm constant_tsc arch_perfmon pebs bts rep_good nopl xtopology nonstop_tsc aperfmperf pni pclmulqdq dtes64 monitor ds_cpl vmx est tm2 ssse3 cx16 xtpr pdcm pcid sse4_1 sse4_2 x2apic popcnt tsc_deadline_timer aes xsave avx f16c rdrand lahf_lm ida arat epb xsaveopt pln pts dtherm tpr_shadow vnmi flexpriority ept vpid fsgsbase smep erms
bogomips	: 4988.72
clflush size	: 64
cache_alignment	: 64
address sizes	: 36 bits physical, 48 bits virtual
power management:

processor	: 3
vendor_id	: GenuineIntel
cpu family	: 6
model		: 58
model name	: Intel(R) Core(TM) i5-3210M CPU @ 2.50GHz
stepping	: 9
microcode	: 0x13
cpu MHz		: 2501.000
cache size	: 3072 KB
physical id	: 0
siblings	: 4
core id		: 1
cpu cores	: 2
apicid		: 3
initial apicid	: 3
fpu		: yes
fpu_exception	: yes
cpuid level	: 13
wp		: yes
flags		: fpu vme de pse tsc msr pae mce cx8 apic sep mtrr pge mca cmov pat pse36 clflush dts acpi mmx fxsr sse sse2 ss ht tm pbe syscall nx rdtscp lm constant_tsc arch_perfmon pebs bts rep_good nopl xtopology nonstop_tsc aperfmperf pni pclmulqdq dtes64 monitor ds_cpl vmx est tm2 ssse3 cx16 xtpr pdcm pcid sse4_1 sse4_2 x2apic popcnt tsc_deadline_timer aes xsave avx f16c rdrand lahf_lm ida arat epb xsaveopt pln pts dtherm tpr_shadow vnmi flexpriority ept vpid fsgsbase smep erms
bogomips	: 4988.72
clflush size	: 64
cache_alignment	: 64
address sizes	: 36 bits physical, 48 bits virtual
power management:



Memory: 4k page, physical 3862780k(261216k free), swap 4008956k(3070440k free)

vm_info: Java HotSpot(TM) 64-Bit Server VM (24.45-b08) for linux-amd64 JRE (1.7.0_45-b18), built on Oct  8 2013 05:44:25 by "java_re" with gcc 4.3.0 20080428 (Red Hat 4.3.0-8)

time: Mon Nov 25 12:47:06 2013
elapsed time: 0 seconds

