#
# A fatal error has been detected by the Java Runtime Environment:
#
#  Internal Error (javaClasses.cpp:136), pid=16664, tid=140146835719936
#  fatal error: Invalid layout of preloaded class
#
# JRE version:  (7.0_45-b18) (build )
# Java VM: Java HotSpot(TM) 64-Bit Server VM (24.45-b08 mixed mode linux-amd64 compressed oops)
# Failed to write core dump. Core dumps have been disabled. To enable core dumping, try "ulimit -c unlimited" before starting Java again
#
# If you would like to submit a bug report, please visit:
#   http://bugreport.sun.com/bugreport/crash.jsp
#

---------------  T H R E A D  ---------------

Current thread (0x00007f7674009800):  JavaThread "Unknown thread" [_thread_in_vm, id=16670, stack(0x00007f767a4c0000,0x00007f767a5c1000)]

Stack: [0x00007f767a4c0000,0x00007f767a5c1000],  sp=0x00007f767a5bf7c0,  free space=1021k
Native frames: (J=compiled Java code, j=interpreted, Vv=VM code, C=native code)
V  [libjvm.so+0x992c8a]  VMError::report_and_die()+0x2ea
V  [libjvm.so+0x493559]  report_fatal(char const*, int, char const*)+0x59
V  [libjvm.so+0x5fdd00]  compute_offset(int&, klassOopDesc*, Symbol*, Symbol*, bool)+0x140
V  [libjvm.so+0x5fe819]  java_lang_String::compute_offsets()+0x39
V  [libjvm.so+0x918f55]  SystemDictionary::initialize_preloaded_classes(Thread*)+0x1a5
V  [libjvm.so+0x967c94]  Universe::genesis(Thread*)+0x494
V  [libjvm.so+0x968149]  universe2_init()+0x29
V  [libjvm.so+0x5a969d]  init_globals()+0xbd
V  [libjvm.so+0x94ed1d]  Threads::create_vm(JavaVMInitArgs*, bool*)+0x1ed
V  [libjvm.so+0x630804]  JNI_CreateJavaVM+0x74
C  [libjli.so+0x2f8e]  JavaMain+0x9e


---------------  P R O C E S S  ---------------

Java Threads: ( => current thread )

Other Threads:

=>0x00007f7674009800 (exited) JavaThread "Unknown thread" [_thread_in_vm, id=16670, stack(0x00007f767a4c0000,0x00007f767a5c1000)]

VM state:not at safepoint (not fully initialized)

VM Mutex/Monitor currently owned by a thread: None

GC Heap History (0 events):
No events

Deoptimization events (0 events):
No events

Internal exceptions (0 events):
No events

Events (10 events):
Event: 0.006 loading class 0x00007f7669d6c6f0 done
Event: 0.006 loading class 0x00007f7669d6c110 done
Event: 0.006 loading class 0x00007f7669d6c0f0
Event: 0.006 loading class 0x00007f7669d741f0
Event: 0.006 loading class 0x00007f7669d741f0 done
Event: 0.006 loading class 0x00007f7669d74220
Event: 0.006 loading class 0x00007f7669d74220 done
Event: 0.006 loading class 0x00007f7669d74250
Event: 0.006 loading class 0x00007f7669d74250 done
Event: 0.006 loading class 0x00007f7669d6c0f0 done


Dynamic libraries:
00400000-00401000 r-xp 00000000 08:02 1877082                            /usr/lib/jvm/java-7-oracle/bin/java
00600000-00601000 rw-p 00000000 08:02 1877082                            /usr/lib/jvm/java-7-oracle/bin/java
020b4000-020d5000 rw-p 00000000 00:00 0                                  [heap]
bfe00000-c1300000 rw-p 00000000 00:00 0 
c1300000-c5000000 rw-p 00000000 00:00 0 
c5000000-c7700000 rw-p 00000000 00:00 0 
c7700000-ec500000 rw-p 00000000 00:00 0 
ec500000-ed900000 rw-p 00000000 00:00 0 
ed900000-100000000 rw-p 00000000 00:00 0 
7f7654000000-7f7654021000 rw-p 00000000 00:00 0 
7f7654021000-7f7658000000 ---p 00000000 00:00 0 
7f765c000000-7f765c021000 rw-p 00000000 00:00 0 
7f765c021000-7f7660000000 ---p 00000000 00:00 0 
7f7664000000-7f7664021000 rw-p 00000000 00:00 0 
7f7664021000-7f7668000000 ---p 00000000 00:00 0 
7f76699c0000-7f7669c2c000 rw-p 00000000 00:00 0 
7f7669c2c000-7f7669cf6000 r--s 011ad000 08:02 2241479                    /home/yee/android-sdks/platforms/android-18/android.jar
7f7669cf6000-7f766c000000 rw-p 00000000 00:00 0 
7f766c000000-7f766c021000 rw-p 00000000 00:00 0 
7f766c021000-7f7670000000 ---p 00000000 00:00 0 
7f7670048000-7f7670049000 ---p 00000000 00:00 0 
7f7670049000-7f7670149000 rw-p 00000000 00:00 0                          [stack:16674]
7f7670149000-7f767014a000 ---p 00000000 00:00 0 
7f767014a000-7f767024a000 rw-p 00000000 00:00 0                          [stack:16673]
7f767024a000-7f767024b000 ---p 00000000 00:00 0 
7f767024b000-7f767034b000 rw-p 00000000 00:00 0                          [stack:16672]
7f767034b000-7f767034c000 ---p 00000000 00:00 0 
7f767034c000-7f7670457000 rw-p 00000000 00:00 0                          [stack:16671]
7f7670457000-7f7670475000 rw-p 00000000 00:00 0 
7f7670475000-7f7670489000 rw-p 00000000 00:00 0 
7f7670489000-7f76705b0000 rw-p 00000000 00:00 0 
7f76705b0000-7f76705bb000 rw-p 00000000 00:00 0 
7f76705bb000-7f76705d9000 rw-p 00000000 00:00 0 
7f76705d9000-7f76705ed000 rw-p 00000000 00:00 0 
7f76705ed000-7f7670713000 rw-p 00000000 00:00 0 
7f7670713000-7f767071e000 rw-p 00000000 00:00 0 
7f767071e000-7f76707b1000 rw-p 00000000 00:00 0 
7f76707b1000-7f76707b2000 rw-p 00000000 00:00 0 
7f76707b2000-7f7670a22000 rwxp 00000000 00:00 0 
7f7670a22000-7f76737b2000 rw-p 00000000 00:00 0 
7f76737b2000-7f76737cc000 r-xp 00000000 08:02 1591876                    /usr/lib/jvm/java-7-oracle/jre/lib/amd64/libzip.so
7f76737cc000-7f76739cc000 ---p 0001a000 08:02 1591876                    /usr/lib/jvm/java-7-oracle/jre/lib/amd64/libzip.so
7f76739cc000-7f76739cd000 rw-p 0001a000 08:02 1591876                    /usr/lib/jvm/java-7-oracle/jre/lib/amd64/libzip.so
7f76739cd000-7f76739d9000 r-xp 00000000 08:02 4860874                    /lib/x86_64-linux-gnu/libnss_files-2.15.so
7f76739d9000-7f7673bd8000 ---p 0000c000 08:02 4860874                    /lib/x86_64-linux-gnu/libnss_files-2.15.so
7f7673bd8000-7f7673bd9000 r--p 0000b000 08:02 4860874                    /lib/x86_64-linux-gnu/libnss_files-2.15.so
7f7673bd9000-7f7673bda000 rw-p 0000c000 08:02 4860874                    /lib/x86_64-linux-gnu/libnss_files-2.15.so
7f7673bda000-7f7673be4000 r-xp 00000000 08:02 4860878                    /lib/x86_64-linux-gnu/libnss_nis-2.15.so
7f7673be4000-7f7673de4000 ---p 0000a000 08:02 4860878                    /lib/x86_64-linux-gnu/libnss_nis-2.15.so
7f7673de4000-7f7673de5000 r--p 0000a000 08:02 4860878                    /lib/x86_64-linux-gnu/libnss_nis-2.15.so
7f7673de5000-7f7673de6000 rw-p 0000b000 08:02 4860878                    /lib/x86_64-linux-gnu/libnss_nis-2.15.so
7f7673de6000-7f7673dfd000 r-xp 00000000 08:02 4860890                    /lib/x86_64-linux-gnu/libnsl-2.15.so
7f7673dfd000-7f7673ffc000 ---p 00017000 08:02 4860890                    /lib/x86_64-linux-gnu/libnsl-2.15.so
7f7673ffc000-7f7673ffd000 r--p 00016000 08:02 4860890                    /lib/x86_64-linux-gnu/libnsl-2.15.so
7f7673ffd000-7f7673ffe000 rw-p 00017000 08:02 4860890                    /lib/x86_64-linux-gnu/libnsl-2.15.so
7f7673ffe000-7f7674000000 rw-p 00000000 00:00 0 
7f7674000000-7f7674054000 rw-p 00000000 00:00 0 
7f7674054000-7f7678000000 ---p 00000000 00:00 0 
7f767801f000-7f7678027000 r-xp 00000000 08:02 4860872                    /lib/x86_64-linux-gnu/libnss_compat-2.15.so
7f7678027000-7f7678226000 ---p 00008000 08:02 4860872                    /lib/x86_64-linux-gnu/libnss_compat-2.15.so
7f7678226000-7f7678227000 r--p 00007000 08:02 4860872                    /lib/x86_64-linux-gnu/libnss_compat-2.15.so
7f7678227000-7f7678228000 rw-p 00008000 08:02 4860872                    /lib/x86_64-linux-gnu/libnss_compat-2.15.so
7f7678228000-7f7678251000 r-xp 00000000 08:02 1591782                    /usr/lib/jvm/java-7-oracle/jre/lib/amd64/libjava.so
7f7678251000-7f7678451000 ---p 00029000 08:02 1591782                    /usr/lib/jvm/java-7-oracle/jre/lib/amd64/libjava.so
7f7678451000-7f7678453000 rw-p 00029000 08:02 1591782                    /usr/lib/jvm/java-7-oracle/jre/lib/amd64/libjava.so
7f7678453000-7f7678460000 r-xp 00000000 08:02 1591874                    /usr/lib/jvm/java-7-oracle/jre/lib/amd64/libverify.so
7f7678460000-7f767865f000 ---p 0000d000 08:02 1591874                    /usr/lib/jvm/java-7-oracle/jre/lib/amd64/libverify.so
7f767865f000-7f7678661000 rw-p 0000c000 08:02 1591874                    /usr/lib/jvm/java-7-oracle/jre/lib/amd64/libverify.so
7f7678661000-7f7678668000 r-xp 00000000 08:02 4860877                    /lib/x86_64-linux-gnu/librt-2.15.so
7f7678668000-7f7678867000 ---p 00007000 08:02 4860877                    /lib/x86_64-linux-gnu/librt-2.15.so
7f7678867000-7f7678868000 r--p 00006000 08:02 4860877                    /lib/x86_64-linux-gnu/librt-2.15.so
7f7678868000-7f7678869000 rw-p 00007000 08:02 4860877                    /lib/x86_64-linux-gnu/librt-2.15.so
7f7678869000-7f7678964000 r-xp 00000000 08:02 4860881                    /lib/x86_64-linux-gnu/libm-2.15.so
7f7678964000-7f7678b63000 ---p 000fb000 08:02 4860881                    /lib/x86_64-linux-gnu/libm-2.15.so
7f7678b63000-7f7678b64000 r--p 000fa000 08:02 4860881                    /lib/x86_64-linux-gnu/libm-2.15.so
7f7678b64000-7f7678b65000 rw-p 000fb000 08:02 4860881                    /lib/x86_64-linux-gnu/libm-2.15.so
7f7678b65000-7f76796c7000 r-xp 00000000 08:02 1591786                    /usr/lib/jvm/java-7-oracle/jre/lib/amd64/server/libjvm.so
7f76796c7000-7f76798c7000 ---p 00b62000 08:02 1591786                    /usr/lib/jvm/java-7-oracle/jre/lib/amd64/server/libjvm.so
7f76798c7000-7f767998a000 rw-p 00b62000 08:02 1591786                    /usr/lib/jvm/java-7-oracle/jre/lib/amd64/server/libjvm.so
7f767998a000-7f76799cb000 rw-p 00000000 00:00 0 
7f76799cb000-7f7679b80000 r-xp 00000000 08:02 4860870                    /lib/x86_64-linux-gnu/libc-2.15.so
7f7679b80000-7f7679d80000 ---p 001b5000 08:02 4860870                    /lib/x86_64-linux-gnu/libc-2.15.so
7f7679d80000-7f7679d84000 r--p 001b5000 08:02 4860870                    /lib/x86_64-linux-gnu/libc-2.15.so
7f7679d84000-7f7679d86000 rw-p 001b9000 08:02 4860870                    /lib/x86_64-linux-gnu/libc-2.15.so
7f7679d86000-7f7679d8b000 rw-p 00000000 00:00 0 
7f7679d8b000-7f7679d8d000 r-xp 00000000 08:02 4860885                    /lib/x86_64-linux-gnu/libdl-2.15.so
7f7679d8d000-7f7679f8d000 ---p 00002000 08:02 4860885                    /lib/x86_64-linux-gnu/libdl-2.15.so
7f7679f8d000-7f7679f8e000 r--p 00002000 08:02 4860885                    /lib/x86_64-linux-gnu/libdl-2.15.so
7f7679f8e000-7f7679f8f000 rw-p 00003000 08:02 4860885                    /lib/x86_64-linux-gnu/libdl-2.15.so
7f7679f8f000-7f7679fa5000 r-xp 00000000 08:02 1876512                    /usr/lib/jvm/java-7-oracle/lib/amd64/jli/libjli.so
7f7679fa5000-7f767a1a5000 ---p 00016000 08:02 1876512                    /usr/lib/jvm/java-7-oracle/lib/amd64/jli/libjli.so
7f767a1a5000-7f767a1a6000 rw-p 00016000 08:02 1876512                    /usr/lib/jvm/java-7-oracle/lib/amd64/jli/libjli.so
7f767a1a6000-7f767a1be000 r-xp 00000000 08:02 4860879                    /lib/x86_64-linux-gnu/libpthread-2.15.so
7f767a1be000-7f767a3bd000 ---p 00018000 08:02 4860879                    /lib/x86_64-linux-gnu/libpthread-2.15.so
7f767a3bd000-7f767a3be000 r--p 00017000 08:02 4860879                    /lib/x86_64-linux-gnu/libpthread-2.15.so
7f767a3be000-7f767a3bf000 rw-p 00018000 08:02 4860879                    /lib/x86_64-linux-gnu/libpthread-2.15.so
7f767a3bf000-7f767a3c3000 rw-p 00000000 00:00 0 
7f767a3c3000-7f767a3e5000 r-xp 00000000 08:02 4860882                    /lib/x86_64-linux-gnu/ld-2.15.so
7f767a3eb000-7f767a40a000 rw-p 00000000 00:00 0 
7f767a40a000-7f767a4c0000 rw-p 00000000 00:00 0 
7f767a4c0000-7f767a4c3000 ---p 00000000 00:00 0 
7f767a4c3000-7f767a5c5000 rw-p 00000000 00:00 0                          [stack:16670]
7f767a5d9000-7f767a5e1000 rw-s 00000000 08:02 1573692                    /tmp/hsperfdata_yee/16664
7f767a5e1000-7f767a5e2000 rw-p 00000000 00:00 0 
7f767a5e2000-7f767a5e3000 r--p 00000000 00:00 0 
7f767a5e3000-7f767a5e5000 rw-p 00000000 00:00 0 
7f767a5e5000-7f767a5e6000 r--p 00022000 08:02 4860882                    /lib/x86_64-linux-gnu/ld-2.15.so
7f767a5e6000-7f767a5e8000 rw-p 00023000 08:02 4860882                    /lib/x86_64-linux-gnu/ld-2.15.so
7fff2e481000-7fff2e4a2000 rw-p 00000000 00:00 0                          [stack]
7fff2e4bc000-7fff2e4bd000 r-xp 00000000 00:00 0                          [vdso]
ffffffffff600000-ffffffffff601000 r-xp 00000000 00:00 0                  [vsyscall]

VM Arguments:
jvm_args: -Dfile.encoding=UTF-8 -Xbootclasspath:/home/yee/android-sdks/platforms/android-18/android.jar 
java_command: com.example.myfirstapp.DiffClient
Launcher Type: SUN_STANDARD

Environment Variables:
PATH=/usr/lib/lightdm/lightdm:/usr/local/sbin:/usr/local/bin:/usr/sbin:/usr/bin:/sbin:/bin:/usr/games
SHELL=/bin/bash
DISPLAY=:0

Signal Handlers:
SIGSEGV: [libjvm.so+0x9935b0], sa_mask[0]=0x7ffbfeff, sa_flags=0x10000004
SIGBUS: [libjvm.so+0x9935b0], sa_mask[0]=0x7ffbfeff, sa_flags=0x10000004
SIGFPE: [libjvm.so+0x810330], sa_mask[0]=0x7ffbfeff, sa_flags=0x10000004
SIGPIPE: [libjvm.so+0x810330], sa_mask[0]=0x7ffbfeff, sa_flags=0x10000004
SIGXFSZ: [libjvm.so+0x810330], sa_mask[0]=0x7ffbfeff, sa_flags=0x10000004
SIGILL: [libjvm.so+0x810330], sa_mask[0]=0x7ffbfeff, sa_flags=0x10000004
SIGUSR1: SIG_DFL, sa_mask[0]=0x00000000, sa_flags=0x00000000
SIGUSR2: [libjvm.so+0x811820], sa_mask[0]=0x00000004, sa_flags=0x10000004
SIGHUP: SIG_DFL, sa_mask[0]=0x00000000, sa_flags=0x00000000
SIGINT: SIG_DFL, sa_mask[0]=0x00000000, sa_flags=0x00000000
SIGTERM: SIG_DFL, sa_mask[0]=0x00000000, sa_flags=0x00000000
SIGQUIT: SIG_DFL, sa_mask[0]=0x00000000, sa_flags=0x00000000


---------------  S Y S T E M  ---------------

OS:wheezy/sid

uname:Linux 3.5.0-43-generic #66~precise1-Ubuntu SMP Thu Oct 24 14:52:23 UTC 2013 x86_64
libc:glibc 2.15 NPTL 2.15 
rlimit: STACK 8192k, CORE 0k, NPROC 29522, NOFILE 4096, AS infinity
load average:0.51 0.63 0.67

/proc/meminfo:
MemTotal:        3862780 kB
MemFree:          359280 kB
Buffers:           28728 kB
Cached:           644772 kB
SwapCached:        66084 kB
Active:          2482444 kB
Inactive:         813472 kB
Active(anon):    2307848 kB
Inactive(anon):   606336 kB
Active(file):     174596 kB
Inactive(file):   207136 kB
Unevictable:          80 kB
Mlocked:              80 kB
SwapTotal:       4008956 kB
SwapFree:        3426196 kB
Dirty:               300 kB
Writeback:             0 kB
AnonPages:       2583880 kB
Mapped:           151768 kB
Shmem:            291796 kB
Slab:              81800 kB
SReclaimable:      42228 kB
SUnreclaim:        39572 kB
KernelStack:        5176 kB
PageTables:        55516 kB
NFS_Unstable:          0 kB
Bounce:                0 kB
WritebackTmp:          0 kB
CommitLimit:     5940344 kB
Committed_AS:    9682700 kB
VmallocTotal:   34359738367 kB
VmallocUsed:      360556 kB
VmallocChunk:   34359361456 kB
HardwareCorrupted:     0 kB
AnonHugePages:         0 kB
HugePages_Total:       0
HugePages_Free:        0
HugePages_Rsvd:        0
HugePages_Surp:        0
Hugepagesize:       2048 kB
DirectMap4k:       73728 kB
DirectMap2M:     4012032 kB


CPU:total 4 (2 cores per cpu, 2 threads per core) family 6 model 58 stepping 9, cmov, cx8, fxsr, mmx, sse, sse2, sse3, ssse3, sse4.1, sse4.2, popcnt, avx, aes, erms, ht, tsc, tscinvbit, tscinv

/proc/cpuinfo:
processor	: 0
vendor_id	: GenuineIntel
cpu family	: 6
model		: 58
model name	: Intel(R) Core(TM) i5-3210M CPU @ 2.50GHz
stepping	: 9
microcode	: 0x13
cpu MHz		: 2501.000
cache size	: 3072 KB
physical id	: 0
siblings	: 4
core id		: 0
cpu cores	: 2
apicid		: 0
initial apicid	: 0
fpu		: yes
fpu_exception	: yes
cpuid level	: 13
wp		: yes
flags		: fpu vme de pse tsc msr pae mce cx8 apic sep mtrr pge mca cmov pat pse36 clflush dts acpi mmx fxsr sse sse2 ss ht tm pbe syscall nx rdtscp lm constant_tsc arch_perfmon pebs bts rep_good nopl xtopology nonstop_tsc aperfmperf pni pclmulqdq dtes64 monitor ds_cpl vmx est tm2 ssse3 cx16 xtpr pdcm pcid sse4_1 sse4_2 x2apic popcnt tsc_deadline_timer aes xsave avx f16c rdrand lahf_lm ida arat epb xsaveopt pln pts dtherm tpr_shadow vnmi flexpriority ept vpid fsgsbase smep erms
bogomips	: 4988.86
clflush size	: 64
cache_alignment	: 64
address sizes	: 36 bits physical, 48 bits virtual
power management:

processor	: 1
vendor_id	: GenuineIntel
cpu family	: 6
model		: 58
model name	: Intel(R) Core(TM) i5-3210M CPU @ 2.50GHz
stepping	: 9
microcode	: 0x13
cpu MHz		: 1200.000
cache size	: 3072 KB
physical id	: 0
siblings	: 4
core id		: 0
cpu cores	: 2
apicid		: 1
initial apicid	: 1
fpu		: yes
fpu_exception	: yes
cpuid level	: 13
wp		: yes
flags		: fpu vme de pse tsc msr pae mce cx8 apic sep mtrr pge mca cmov pat pse36 clflush dts acpi mmx fxsr sse sse2 ss ht tm pbe syscall nx rdtscp lm constant_tsc arch_perfmon pebs bts rep_good nopl xtopology nonstop_tsc aperfmperf pni pclmulqdq dtes64 monitor ds_cpl vmx est tm2 ssse3 cx16 xtpr pdcm pcid sse4_1 sse4_2 x2apic popcnt tsc_deadline_timer aes xsave avx f16c rdrand lahf_lm ida arat epb xsaveopt pln pts dtherm tpr_shadow vnmi flexpriority ept vpid fsgsbase smep erms
bogomips	: 4988.86
clflush size	: 64
cache_alignment	: 64
address sizes	: 36 bits physical, 48 bits virtual
power management:

processor	: 2
vendor_id	: GenuineIntel
cpu family	: 6
model		: 58
model name	: Intel(R) Core(TM) i5-3210M CPU @ 2.50GHz
stepping	: 9
microcode	: 0x13
cpu MHz		: 1200.000
cache size	: 3072 KB
physical id	: 0
siblings	: 4
core id		: 1
cpu cores	: 2
apicid		: 2
initial apicid	: 2
fpu		: yes
fpu_exception	: yes
cpuid level	: 13
wp		: yes
flags		: fpu vme de pse tsc msr pae mce cx8 apic sep mtrr pge mca cmov pat pse36 clflush dts acpi mmx fxsr sse sse2 ss ht tm pbe syscall nx rdtscp lm constant_tsc arch_perfmon pebs bts rep_good nopl xtopology nonstop_tsc aperfmperf pni pclmulqdq dtes64 monitor ds_cpl vmx est tm2 ssse3 cx16 xtpr pdcm pcid sse4_1 sse4_2 x2apic popcnt tsc_deadline_timer aes xsave avx f16c rdrand lahf_lm ida arat epb xsaveopt pln pts dtherm tpr_shadow vnmi flexpriority ept vpid fsgsbase smep erms
bogomips	: 4988.86
clflush size	: 64
cache_alignment	: 64
address sizes	: 36 bits physical, 48 bits virtual
power management:

processor	: 3
vendor_id	: GenuineIntel
cpu family	: 6
model		: 58
model name	: Intel(R) Core(TM) i5-3210M CPU @ 2.50GHz
stepping	: 9
microcode	: 0x13
cpu MHz		: 2500.000
cache size	: 3072 KB
physical id	: 0
siblings	: 4
core id		: 1
cpu cores	: 2
apicid		: 3
initial apicid	: 3
fpu		: yes
fpu_exception	: yes
cpuid level	: 13
wp		: yes
flags		: fpu vme de pse tsc msr pae mce cx8 apic sep mtrr pge mca cmov pat pse36 clflush dts acpi mmx fxsr sse sse2 ss ht tm pbe syscall nx rdtscp lm constant_tsc arch_perfmon pebs bts rep_good nopl xtopology nonstop_tsc aperfmperf pni pclmulqdq dtes64 monitor ds_cpl vmx est tm2 ssse3 cx16 xtpr pdcm pcid sse4_1 sse4_2 x2apic popcnt tsc_deadline_timer aes xsave avx f16c rdrand lahf_lm ida arat epb xsaveopt pln pts dtherm tpr_shadow vnmi flexpriority ept vpid fsgsbase smep erms
bogomips	: 4988.86
clflush size	: 64
cache_alignment	: 64
address sizes	: 36 bits physical, 48 bits virtual
power management:



Memory: 4k page, physical 3862780k(359280k free), swap 4008956k(3426196k free)

vm_info: Java HotSpot(TM) 64-Bit Server VM (24.45-b08) for linux-amd64 JRE (1.7.0_45-b18), built on Oct  8 2013 05:44:25 by "java_re" with gcc 4.3.0 20080428 (Red Hat 4.3.0-8)

time: Mon Nov 25 17:46:49 2013
elapsed time: 0 seconds

